I20250831 15:58:09.668267 41699 Sta.cc:383] read verilog file /home/meowth/ysyx/ysyx-workbench/yosys/yosys-sta/result/ysyx_25030077_top-500MHz/ysyx_25030077_top.netlist.fixed.v start
I20250831 15:58:09.668469 41699 VerilogParserRustC.cc:41] load verilog file /home/meowth/ysyx/ysyx-workbench/yosys/yosys-sta/result/ysyx_25030077_top-500MHz/ysyx_25030077_top.netlist.fixed.v
r str /home/meowth/ysyx/ysyx-workbench/yosys/yosys-sta/result/ysyx_25030077_top-500MHz/ysyx_25030077_top.netlist.fixed.v
I20250831 15:58:09.670269 41699 Sta.cc:391] read verilog end
I20250831 15:58:09.670390 41699 Sta.cc:309] load lib start
I20250831 15:58:09.671435 41701 Sta.cc:287] read liberty /home/meowth/ysyx/ysyx-workbench/yosys/yosys-sta/scripts/../pdk/nangate45/lib/Nangate45_typ.lib start 
I20250831 15:58:09.671612 41701 LibParserRustC.cc:1285] load liberty file /home/meowth/ysyx/ysyx-workbench/yosys/yosys-sta/scripts/../pdk/nangate45/lib/Nangate45_typ.lib
rust read lib file /home/meowth/ysyx/ysyx-workbench/yosys/yosys-sta/scripts/../pdk/nangate45/lib/Nangate45_typ.lib
I20250831 15:58:10.137549 41701 LibParserRustC.cc:1294] load liberty file /home/meowth/ysyx/ysyx-workbench/yosys/yosys-sta/scripts/../pdk/nangate45/lib/Nangate45_typ.lib success.
I20250831 15:58:10.137580 41701 Sta.cc:297] read liberty /home/meowth/ysyx/ysyx-workbench/yosys/yosys-sta/scripts/../pdk/nangate45/lib/Nangate45_typ.lib end 
I20250831 15:58:10.137804 41699 Sta.cc:328] load lib end
I20250831 15:58:10.137833 41699 Sta.cc:417] link design ysyx_25030077_top start
I20250831 15:58:10.138633 41791 LibParserRustC.cc:1304] link liberty file /home/meowth/ysyx/ysyx-workbench/yosys/yosys-sta/scripts/../pdk/nangate45/lib/Nangate45_typ.lib start.
I20250831 15:58:10.140005 41791 LibParserRustC.cc:666] unkown attri name: technology in /home/meowth/ysyx/ysyx-workbench/yosys/yosys-sta/scripts/../pdk/nangate45/lib/Nangate45_typ.lib line no 45
I20250831 15:58:11.602481 41791 LibParserRustC.cc:1310] link liberty file /home/meowth/ysyx/ysyx-workbench/yosys/yosys-sta/scripts/../pdk/nangate45/lib/Nangate45_typ.lib success.
I20250831 15:58:11.605123 41699 Sta.cc:889] assign ALU_overflow = ALU_carry
I20250831 15:58:11.605149 41699 Sta.cc:889] assign PC_count_o[0] = ALU_carry
I20250831 15:58:11.605159 41699 Sta.cc:889] assign PC_count_o[1] = ALU_carry
I20250831 15:58:11.605291 41699 Sta.cc:1106] link design ysyx_25030077_top end
I20250831 15:58:11.605301 41699 Sta.cc:1108] design ysyx_25030077_top inst num: 166
I20250831 15:58:11.605319 41699 Sta.cc:1110] design ysyx_25030077_top net num: 201
I20250831 15:58:11.605325 41699 Sta.cc:1112] design ysyx_25030077_top port num: 36
I20250831 15:58:11.605362 41699 Sta.cc:181] read sdc /home/meowth/ysyx/ysyx-workbench/yosys/yosys-sta/scripts/default.sdc start 
I20250831 15:58:11.606805 41699 CmdCreateClock.cc:124] create clock core_clock for pin/port: clk
I20250831 15:58:11.606822 41699 Sta.cc:198] read sdc /home/meowth/ysyx/ysyx-workbench/yosys/yosys-sta/scripts/default.sdc end 
I20250831 15:58:11.606843 41699 StaBuildGraph.cc:315] build graph start
I20250831 15:58:11.608069 41699 StaBuildGraph.cc:216] net ALU_overflow has no driver.
I20250831 15:58:11.608733 41699 StaBuildGraph.cc:216] net PC_count_o[0] has no driver.
I20250831 15:58:11.608747 41699 StaBuildGraph.cc:216] net PC_count_o[1] has no driver.
I20250831 15:58:11.609241 41699 StaBuildGraph.cc:332] build graph end
I20250831 15:58:11.609302 41699 Sta.cc:2834] update timing start
I20250831 15:58:11.609421 41699 StaApplySdc.cc:698] apply sdc start
I20250831 15:58:11.609438 41699 StaApplySdc.cc:729] apply sdc end
I20250831 15:58:11.609447 41699 StaClockPropagation.cc:324] ideal clock propagation start
I20250831 15:58:11.609454 41699 StaClockPropagation.cc:354] clock propagation clock num: 1
I20250831 15:58:11.609475 41699 StaClockPropagation.cc:203] clock propagate end to vertex i0.state_$_SDFFE_PP0P__Q_10:CK
I20250831 15:58:11.609613 41699 StaClockPropagation.cc:422] ideal clock propagation end
I20250831 15:58:11.609622 41699 StaCheck.cc:129] found loop fwd start
I20250831 15:58:11.609716 41699 StaCheck.cc:148] found loop fwd end
I20250831 15:58:11.609724 41699 StaCheck.cc:150] found loop bwd start
I20250831 15:58:11.609807 41699 StaCheck.cc:172] found loop bwd end
I20250831 15:58:11.609843 41699 StaClockSlewDelayPropagation.cc:112] clock slew delay propagation start
I20250831 15:58:11.609858 41699 StaClockSlewDelayPropagation.cc:130] propagating current clock queue vertexes number is 1
I20250831 15:58:11.609874 41699 StaClockSlewDelayPropagation.cc:130] propagating current clock queue vertexes number is 2
I20250831 15:58:11.609915 41699 StaClockSlewDelayPropagation.cc:130] propagating current clock queue vertexes number is 2
I20250831 15:58:11.609963 41699 StaClockSlewDelayPropagation.cc:130] propagating current clock queue vertexes number is 30
I20250831 15:58:11.610153 41699 StaClockSlewDelayPropagation.cc:163] clock slew delay propagation end
I20250831 15:58:11.610183 41699 StaClockSlewDelayPropagation.cc:166] clock slew delay propagation memory usage 0MB
I20250831 15:58:11.610211 41699 StaClockSlewDelayPropagation.cc:169] clock slew delay propagation time elapsed 0.000369s
I20250831 15:58:11.610321 41699 StaClockPropagation.cc:326] propagated(kNormal) clock propagation start
I20250831 15:58:11.610330 41699 StaClockPropagation.cc:354] clock propagation clock num: 1
I20250831 15:58:11.610338 41699 StaClockPropagation.cc:424] propagated(kNormal) clock propagation end
I20250831 15:58:11.610347 41699 StaApplySdc.cc:698] apply sdc start
I20250831 15:58:11.610353 41699 StaApplySdc.cc:729] apply sdc end
I20250831 15:58:11.610359 41699 StaClockPropagation.cc:328] propagated(kGenerated) clock propagation start
I20250831 15:58:11.610366 41699 StaClockPropagation.cc:354] clock propagation clock num: 1
I20250831 15:58:11.610373 41699 StaClockPropagation.cc:426] propagated(kGenerated) clock propagation end
I20250831 15:58:11.610380 41699 StaApplySdc.cc:698] apply sdc start
I20250831 15:58:11.610387 41699 StaApplySdc.cc:729] apply sdc end
I20250831 15:58:11.610395 41699 StaBuildPropTag.cc:325] build propagation tag start
I20250831 15:58:11.610404 41699 StaBuildPropTag.cc:338] build propagation tag end
I20250831 15:58:11.610411 41699 StaDataPropagation.cc:676] data fwd propagation start
I20250831 15:58:11.610446 41699 StaDataPropagationBFS.cc:166] data fwd propagation bfs start
I20250831 15:58:11.610491 41699 StaDataPropagationBFS.cc:190] propagating current data queue vertexes number is 32
I20250831 15:58:11.611446 41852 StaDataPropagationBFS.cc:82] Thread 140547489142336 date fwd propagate found start vertex.i0.state_$_SDFFE_PP0P__Q_15:CK
I20250831 15:58:11.611433 41845 StaDataPropagationBFS.cc:82] Thread 140547287717440 date fwd propagate found start vertex.i0.state_$_SDFFE_PP0P__Q_12:CK
I20250831 15:58:11.611438 41855 StaDataPropagationBFS.cc:82] Thread 140547463964224 date fwd propagate found start vertex.i0.state_$_SDFFE_PP0P__Q_13:CK
[0;31mE20250831 15:58:11.611518 41852 Lib.cc:181] Warning: val outside table ranges:  val = 0; min_val = 0.00117378; max_val = 0.198535
[mI20250831 15:58:11.611436 41849 StaDataPropagationBFS.cc:82] Thread 140547514320448 date fwd propagate found start vertex.i0.state_$_SDFFE_PP0P__Q_11:CK
[0;31mE20250831 15:58:11.611519 41856 Lib.cc:181] Warning: val outside table ranges:  val = 0; min_val = 0.00117378; max_val = 0.198535
[m[0;31mE20250831 15:58:11.611519 41847 Lib.cc:181] Warning: val outside table ranges:  val = 0; min_val = 0.00117378; max_val = 0.198535
[m[0;31mE20250831 15:58:11.611519 41860 Lib.cc:181] Warning: val outside table ranges:  val = 0; min_val = 0.00117378; max_val = 0.198535
[mI20250831 15:58:11.611441 41848 StaDataPropagationBFS.cc:82] Thread 140547312895552 date fwd propagate found start vertex.i0.state_$_SDFFE_PP0P__Q_14:CK
[0;31mE20250831 15:58:11.611524 41865 Lib.cc:181] Warning: val outside table ranges:  val = 0; min_val = 0.00117378; max_val = 0.198535
[m[0;31mE20250831 15:58:11.611526 41868 Lib.cc:181] Warning: val outside table ranges:  val = 0; min_val = 0.00117378; max_val = 0.198535
[mI20250831 15:58:11.611444 41851 StaDataPropagationBFS.cc:82] Thread 140547497535040 date fwd propagate found start vertex.i0.state_$_SDFFE_PP0P__Q_16:CK
I20250831 15:58:11.611428 41875 StaDataPropagationBFS.cc:82] Thread 140547262539328 date fwd propagate found start vertex.i0.state_$_SDFFE_PP0P__Q:CK
[0;31mE20250831 15:58:11.611524 41866 Lib.cc:181] Warning: val outside table ranges:  val = 0; min_val = 0.00117378; max_val = 0.198535
[mI20250831 15:58:11.611423 41876 StaDataPropagationBFS.cc:82] Thread 140547254146624 date fwd propagate found start vertex.reset
I20250831 15:58:11.611433 41846 StaDataPropagationBFS.cc:82] Thread 140547296110144 date fwd propagate found start vertex.i0.state_$_SDFFE_PP0P__Q_1:CK
[0;31mE20250831 15:58:11.611526 41862 Lib.cc:181] Warning: val outside table ranges:  val = 0; min_val = 0.00117378; max_val = 0.198535
[mI20250831 15:58:11.611435 41850 StaDataPropagationBFS.cc:82] Thread 140547505927744 date fwd propagate found start vertex.i0.state_$_SDFFE_PP0P__Q_10:CK
[0;31mE20250831 15:58:11.611518 41858 Lib.cc:181] Warning: val outside table ranges:  val = 0; min_val = 0.00117378; max_val = 0.198535
[m[0;31mE20250831 15:58:11.611519 41857 Lib.cc:181] Warning: val outside table ranges:  val = 0; min_val = 0.00117378; max_val = 0.198535
[mI20250831 15:58:11.613284 41699 StaDataPropagationBFS.cc:190] propagating current data queue vertexes number is 74
I20250831 15:58:11.614815 41699 StaDataPropagationBFS.cc:190] propagating current data queue vertexes number is 138
I20250831 15:58:11.616509 41699 StaDataPropagationBFS.cc:190] propagating current data queue vertexes number is 20
I20250831 15:58:11.617529 41699 StaDataPropagationBFS.cc:190] propagating current data queue vertexes number is 30
I20250831 15:58:11.618644 41699 StaDataPropagationBFS.cc:190] propagating current data queue vertexes number is 17
I20250831 15:58:11.620906 41699 StaDataPropagationBFS.cc:190] propagating current data queue vertexes number is 15
I20250831 15:58:11.622380 41699 StaDataPropagationBFS.cc:190] propagating current data queue vertexes number is 8
I20250831 15:58:11.623831 41699 StaDataPropagationBFS.cc:190] propagating current data queue vertexes number is 19
I20250831 15:58:11.625142 41699 StaDataPropagationBFS.cc:190] propagating current data queue vertexes number is 14
I20250831 15:58:11.626638 41699 StaDataPropagationBFS.cc:190] propagating current data queue vertexes number is 28
I20250831 15:58:11.628209 41699 StaDataPropagationBFS.cc:190] propagating current data queue vertexes number is 24
I20250831 15:58:11.629365 41699 StaDataPropagationBFS.cc:190] propagating current data queue vertexes number is 35
I20250831 15:58:11.630581 41699 StaDataPropagationBFS.cc:190] propagating current data queue vertexes number is 26
I20250831 15:58:11.631633 41699 StaDataPropagationBFS.cc:190] propagating current data queue vertexes number is 37
I20250831 15:58:11.632992 41699 StaDataPropagationBFS.cc:190] propagating current data queue vertexes number is 24
I20250831 15:58:11.633985 41699 StaDataPropagationBFS.cc:190] propagating current data queue vertexes number is 24
I20250831 15:58:11.635128 41699 StaDataPropagationBFS.cc:190] propagating current data queue vertexes number is 10
I20250831 15:58:11.636971 41699 StaDataPropagationBFS.cc:190] propagating current data queue vertexes number is 10
I20250831 15:58:11.638643 41699 StaDataPropagationBFS.cc:190] propagating current data queue vertexes number is 3
I20250831 15:58:11.640157 41699 StaDataPropagationBFS.cc:190] propagating current data queue vertexes number is 3
I20250831 15:58:11.641746 41699 StaDataPropagationBFS.cc:229] data fwd propagation bfs end
I20250831 15:58:11.641821 41699 StaDataPropagationBFS.cc:232] data fwd propagation bfs memory usage 0MB
I20250831 15:58:11.641845 41699 StaDataPropagationBFS.cc:234] data fwd propagation bfs time elapsed 0.031399s
I20250831 15:58:11.641857 41699 StaDataPropagation.cc:695] data fwd propagation end
I20250831 15:58:11.641868 41699 StaDataPropagation.cc:676] data fwd propagation start
I20250831 15:58:11.641896 41699 StaDataPropagationBFS.cc:166] data fwd propagation bfs start
I20250831 15:58:11.641955 41699 StaDataPropagationBFS.cc:190] propagating current data queue vertexes number is 1
I20250831 15:58:11.643142 41699 StaDataPropagationBFS.cc:229] data fwd propagation bfs end
I20250831 15:58:11.643285 41699 StaDataPropagationBFS.cc:232] data fwd propagation bfs memory usage 0MB
I20250831 15:58:11.643323 41699 StaDataPropagationBFS.cc:234] data fwd propagation bfs time elapsed 0.001428s
I20250831 15:58:11.643340 41699 StaDataPropagation.cc:695] data fwd propagation end
I20250831 15:58:11.643358 41699 StaAnalyze.cc:557] analyze timing path start
I20250831 15:58:11.643405 41699 StaAnalyze.cc:565] analyze timing path end vertex 1 total 66 start
[0;31mE20250831 15:58:11.643428 41699 StaAnalyze.cc:328] The output port ALU_overflow is not constrained
[m[0;31mE20250831 15:58:11.643471 41699 StaAnalyze.cc:328] The output port ALU_overflow is not constrained
[mI20250831 15:58:11.643491 41699 StaAnalyze.cc:599] analyze timing path end vertex 1 total 66 end
[0;31mE20250831 15:58:11.643502 41699 StaAnalyze.cc:328] The output port PC_count_o[0] is not constrained
[m[0;31mE20250831 15:58:11.643523 41699 StaAnalyze.cc:328] The output port PC_count_o[0] is not constrained
[m[0;31mE20250831 15:58:11.643545 41699 StaAnalyze.cc:328] The output port PC_count_o[1] is not constrained
[m[0;31mE20250831 15:58:11.643563 41699 StaAnalyze.cc:328] The output port PC_count_o[1] is not constrained
[m[0;31mE20250831 15:58:11.643580 41699 StaAnalyze.cc:328] The output port PC_count_o[2] is not constrained
[m[0;31mE20250831 15:58:11.643603 41699 StaAnalyze.cc:328] The output port PC_count_o[2] is not constrained
[m[0;31mE20250831 15:58:11.643620 41699 StaAnalyze.cc:328] The output port PC_count_o[3] is not constrained
[m[0;31mE20250831 15:58:11.643642 41699 StaAnalyze.cc:328] The output port PC_count_o[3] is not constrained
[mI20250831 15:58:11.643662 41699 StaAnalyze.cc:565] analyze timing path end vertex 11 total 66 start
I20250831 15:58:11.643673 41699 StaAnalyze.cc:599] analyze timing path end vertex 11 total 66 end
I20250831 15:58:11.643689 41699 StaAnalyze.cc:565] analyze timing path end vertex 21 total 66 start
I20250831 15:58:11.643698 41699 StaAnalyze.cc:599] analyze timing path end vertex 21 total 66 end
I20250831 15:58:11.643801 41699 StaAnalyze.cc:303] add path data num 4 to i0.state_$_SDFFE_PP0P__Q_15:D
I20250831 15:58:11.643885 41699 StaAnalyze.cc:565] analyze timing path end vertex 31 total 66 start
I20250831 15:58:11.643895 41699 StaAnalyze.cc:599] analyze timing path end vertex 31 total 66 end
I20250831 15:58:11.643989 41699 StaAnalyze.cc:565] analyze timing path end vertex 41 total 66 start
I20250831 15:58:11.644044 41699 StaAnalyze.cc:599] analyze timing path end vertex 41 total 66 end
I20250831 15:58:11.644340 41699 StaAnalyze.cc:565] analyze timing path end vertex 51 total 66 start
I20250831 15:58:11.644393 41699 StaAnalyze.cc:599] analyze timing path end vertex 51 total 66 end
I20250831 15:58:11.644583 41699 StaAnalyze.cc:565] analyze timing path end vertex 61 total 66 start
I20250831 15:58:11.644618 41699 StaAnalyze.cc:599] analyze timing path end vertex 61 total 66 end
I20250831 15:58:11.644775 41699 StaAnalyze.cc:603] analyze timing path end
I20250831 15:58:11.644793 41699 StaApplySdc.cc:698] apply sdc start
I20250831 15:58:11.644805 41699 StaApplySdc.cc:729] apply sdc end
I20250831 15:58:11.644815 41699 StaDataPropagation.cc:698] data bwd propagation start
I20250831 15:58:11.645676 41699 StaDataPropagation.cc:249] propagate start vertex i0.state_$_SDFFE_PP0P__Q_15:CK
I20250831 15:58:11.645699 41699 StaDataPropagation.cc:172] Thread 140547539796096 data bwd propagate found end vertex.i0.state_$_SDFFE_PP0P__Q_10:D
I20250831 15:58:11.645726 41699 StaDataPropagation.cc:172] Thread 140547539796096 data bwd propagate found end vertex.i0.state_$_SDFFE_PP0P__Q_11:D
I20250831 15:58:11.645754 41699 StaDataPropagation.cc:172] Thread 140547539796096 data bwd propagate found end vertex.i0.state_$_SDFFE_PP0P__Q_12:D
I20250831 15:58:11.645776 41699 StaDataPropagation.cc:172] Thread 140547539796096 data bwd propagate found end vertex.i0.state_$_SDFFE_PP0P__Q_13:D
I20250831 15:58:11.645804 41699 StaDataPropagation.cc:172] Thread 140547539796096 data bwd propagate found end vertex.i0.state_$_SDFFE_PP0P__Q_9:D
I20250831 15:58:11.645823 41699 StaDataPropagation.cc:172] Thread 140547539796096 data bwd propagate found end vertex.i0.state_$_SDFFE_PP1P__Q:D
I20250831 15:58:11.645855 41699 StaDataPropagation.cc:172] Thread 140547539796096 data bwd propagate found end vertex.PC_count_o[24]
I20250831 15:58:11.645869 41699 StaDataPropagation.cc:172] Thread 140547539796096 data bwd propagate found end vertex.i0.state_$_SDFFE_PP0P__Q_14:D
I20250831 15:58:11.645900 41699 StaDataPropagation.cc:172] Thread 140547539796096 data bwd propagate found end vertex.i0.state_$_SDFFE_PP0P__Q_15:D
I20250831 15:58:11.645927 41699 StaDataPropagation.cc:172] Thread 140547539796096 data bwd propagate found end vertex.PC_count_o[23]
I20250831 15:58:11.647025 41699 StaDataPropagation.cc:703] data bwd propagation end
I20250831 15:58:11.647044 41699 Sta.cc:2895] update timing end
I20250831 15:58:11.647087 41699 Sta.cc:2898] update timing memory usage 0MB
I20250831 15:58:11.647100 41699 Sta.cc:2900] update timing time elapsed 0.037798s
I20250831 15:58:11.647187 41699 Sta.cc:2998] start write sta report.
I20250831 15:58:11.647198 41699 Sta.cc:2999] output sta report path: /home/meowth/ysyx/ysyx-workbench/yosys/yosys-sta/result/ysyx_25030077_top-500MHz
I20250831 15:58:11.647599 41699 StaReport.cc:211] report the clock group core_clock 5 timing paths.
I20250831 15:58:11.648334 41699 StaReport.cc:211] report the clock group core_clock 5 timing paths.
I20250831 15:58:11.648357 41699 StaReport.cc:211] report the clock group core_clock 1 timing paths.
I20250831 15:58:11.648386 41699 StaReport.cc:211] report the clock group core_clock 5 timing paths.
I20250831 15:58:11.648977 41699 StaReport.cc:211] report the clock group core_clock 5 timing paths.
I20250831 15:58:11.649009 41699 StaReport.cc:211] report the clock group core_clock 1 timing paths.
I20250831 15:58:11.649017 41699 Sta.cc:1885] 
+-------------------------------+-------------+------------+------------+---------------+-------+-------+-----------+
| Endpoint                      | Clock Group | Delay Type | Path Delay | Path Required | CPPR  | Slack | Freq(MHz) |
+-------------------------------+-------------+------------+------------+---------------+-------+-------+-----------+
| i0.state_$_SDFFE_PP0P__Q_14:D | core_clock  | max        | 0.375f     | 1.960         | 0.000 | 1.585 | 2410.399  |
| i0.state_$_SDFFE_PP0P__Q_14:D | core_clock  | max        | 0.375f     | 1.960         | 0.000 | 1.585 | 2410.399  |
| i0.state_$_SDFFE_PP0P__Q_10:D | core_clock  | max        | 0.373f     | 1.960         | 0.000 | 1.587 | 2423.038  |
| i0.state_$_SDFFE_PP0P__Q_10:D | core_clock  | max        | 0.373f     | 1.960         | 0.000 | 1.587 | 2423.038  |
| i0.state_$_SDFFE_PP0P__Q_12:D | core_clock  | max        | 0.369f     | 1.960         | 0.000 | 1.591 | 2446.286  |
| i0.state_$_SDFFE_PP1P__Q:D    | core_clock  | min        | 0.081f     | 0.002         | 0.000 | 0.080 | NA        |
| i0.state_$_SDFFE_PP1P__Q:D    | core_clock  | min        | 0.081f     | 0.002         | 0.000 | 0.080 | NA        |
| i0.state_$_SDFFE_PP1P__Q:D    | core_clock  | min        | 0.097r     | 0.007         | 0.000 | 0.090 | NA        |
| i0.state_$_SDFFE_PP1P__Q:D    | core_clock  | min        | 0.097r     | 0.007         | 0.000 | 0.090 | NA        |
| i0.state_$_SDFFE_PP0P__Q_26:D | core_clock  | min        | 0.103f     | 0.002         | 0.000 | 0.102 | NA        |
+-------------------------------+-------------+------------+------------+---------------+-------+-------+-----------+
I20250831 15:58:11.649169 41699 Sta.cc:1886] 
+------------+------------+-------+
| Clock      | Delay Type | TNS   |
+------------+------------+-------+
| core_clock | max        | 0.000 |
| core_clock | min        | 0.000 |
+------------+------------+-------+
I20250831 15:58:11.659459 41699 NetlistWriter.cc:52] start write verilog file /home/meowth/ysyx/ysyx-workbench/yosys/yosys-sta/result/ysyx_25030077_top-500MHz/ysyx_25030077_top.v
I20250831 15:58:11.660713 41699 NetlistWriter.cc:71] finish write verilog file /home/meowth/ysyx/ysyx-workbench/yosys/yosys-sta/result/ysyx_25030077_top-500MHz/ysyx_25030077_top.v
I20250831 15:58:11.660751 41699 Sta.cc:3111] used lib: /home/meowth/ysyx/ysyx-workbench/yosys/yosys-sta/scripts/../pdk/nangate45/lib/Nangate45_typ.lib
I20250831 15:58:11.660759 41699 Sta.cc:3096] The timing engine run success.
I20250831 15:58:11.660840 41699 Power.cc:854] build graph and seq graph start
I20250831 15:58:11.660871 41699 PwrBuildGraph.cc:80] build power graph start
I20250831 15:58:11.661649 41699 PwrBuildGraph.cc:170] build power graph end
I20250831 15:58:11.661679 41699 PwrBuildGraph.cc:172] build power graph memory usage 0MB
I20250831 15:58:11.661690 41699 PwrBuildGraph.cc:174] build power graph time elapsed 0.000821s
I20250831 15:58:11.661720 41699 PwrBuildSeqGraph.cc:326] build seq graph start
I20250831 15:58:11.665231 41699 PwrBuildSeqGraph.cc:330] build seq graph end
I20250831 15:58:11.665256 41699 PwrBuildSeqGraph.cc:332] seq inst num: 30
I20250831 15:58:11.665262 41699 PwrBuildSeqGraph.cc:333] input port num: 2
I20250831 15:58:11.665269 41699 PwrBuildSeqGraph.cc:334] output port num: 34
I20250831 15:58:11.665275 41699 PwrBuildSeqGraph.cc:335] seq macro num: 0
I20250831 15:58:11.665288 41699 PwrBuildSeqGraph.cc:336] seq arc num: 525
I20250831 15:58:11.665297 41699 PwrBuildSeqGraph.cc:339] seq vertex max fanout: 31
I20250831 15:58:11.665303 41699 PwrBuildSeqGraph.cc:340] seq vertex max fanin: 31
I20250831 15:58:11.665351 41699 PwrBuildSeqGraph.cc:343] build seq graph memory usage 0MB
I20250831 15:58:11.665365 41699 PwrBuildSeqGraph.cc:345] build seq graph time elapsed 0.003645s
I20250831 15:58:11.665374 41699 Power.cc:861] build graph and seq graph end
I20250831 15:58:11.665397 41699 Power.cc:863] build graph and seq graph memory usage 0MB
I20250831 15:58:11.665406 41699 Power.cc:866] build graph and seq graph time elapsed 0.004567s
I20250831 15:58:11.665429 41699 Power.cc:871] power annotate vcd start
I20250831 15:58:11.665437 41699 Power.cc:128] annotate toggle sp start
I20250831 15:58:11.665445 41699 Power.cc:134] annotate toggle sp end
I20250831 15:58:11.665452 41699 Power.cc:878] power vcd annotate end
I20250831 15:58:11.665473 41699 Power.cc:880] power vcd annotate memory usage 0MB
I20250831 15:58:11.665482 41699 Power.cc:882] power vcd annotate time elapsed 5.2e-05s
I20250831 15:58:11.665504 41699 Power.cc:896] power propagation start
I20250831 15:58:11.665531 41699 PwrCheckPipelineLoop.cc:122] check pipeline loop start
I20250831 15:58:11.665552 41699 PwrCheckPipelineLoop.cc:129] check pipeline loop end
I20250831 15:58:11.665578 41699 PwrCheckPipelineLoop.cc:137] check pipeline loop memory usage 0MB
I20250831 15:58:11.665587 41699 PwrCheckPipelineLoop.cc:139] check pipeline loop time elapsed 5.6e-05s
I20250831 15:58:11.665611 41699 PwrLevelizeSeqGraph.cc:93] seq levelization start
I20250831 15:58:11.665639 41699 PwrLevelizeSeqGraph.cc:101] seq levelization end
I20250831 15:58:11.665647 41699 PwrLevelizeSeqGraph.cc:103] the seq graph's level depth 32
I20250831 15:58:11.665678 41699 PwrLevelizeSeqGraph.cc:116] levelization memory usage 0MB
I20250831 15:58:11.665688 41699 PwrLevelizeSeqGraph.cc:118] levelization time elapsed 7.7e-05s
I20250831 15:58:11.665721 41699 PwrPropagateConst.cc:184] propagate const start
I20250831 15:58:11.665745 41699 PwrPropagateConst.cc:109] set tie cell fanout from _270_:Z data in vertex ALU_carry
I20250831 15:58:11.665756 41699 PwrPropagateConst.cc:288] propagate const end
I20250831 15:58:11.665778 41699 PwrPropagateConst.cc:290] propagate const memory usage 0MB
I20250831 15:58:11.665786 41699 PwrPropagateConst.cc:292] propagate const time elapsed 6.5e-05s
I20250831 15:58:11.665810 41699 PwrPropagateToggleSP.cc:202] propagate toggle sp start
I20250831 15:58:11.669404 41699 PwrPropagateToggleSP.cc:316] propagate toggle sp end
I20250831 15:58:11.669478 41699 PwrPropagateToggleSP.cc:319] propagate toggle sp memory usage 785.928MB
I20250831 15:58:11.669505 41699 PwrPropagateToggleSP.cc:321] propagate toggle sp time elapsed 0.003696s
I20250831 15:58:11.669575 41699 PwrPropagateClock.cc:68] propagate clock start
I20250831 15:58:11.669631 41699 PwrPropagateClock.cc:80] propagate clock end
I20250831 15:58:11.669684 41699 PwrPropagateClock.cc:82] propagate clock memory usage 0MB
I20250831 15:58:11.669706 41699 PwrPropagateClock.cc:84] propagate clock time elapsed 0.000132s
I20250831 15:58:11.669721 41699 Power.cc:914] power propagation end
I20250831 15:58:11.669786 41699 Power.cc:916] power propagation memory usage 785.928MB
I20250831 15:58:11.669873 41699 Power.cc:918] power propagation time elapsed 0.004368s
I20250831 15:58:11.669962 41699 Power.cc:267] power calculation start
I20250831 15:58:11.670017 41699 PwrCalcLeakagePower.cc:85] calc leakage power start
I20250831 15:58:11.674777 41699 PwrCalcLeakagePower.cc:119] calc leakage power result 0.00493909mw
I20250831 15:58:11.674809 41699 PwrCalcLeakagePower.cc:122] calc leakage power end
I20250831 15:58:11.674851 41699 PwrCalcLeakagePower.cc:124] calc leakage power memory usage 0MB
I20250831 15:58:11.674865 41699 PwrCalcLeakagePower.cc:126] calc leakage power time elapsed 0.00485s
I20250831 15:58:11.674894 41699 PwrCalcInternalPower.cc:565] calc internal power start
[0;31mE20250831 15:58:11.675024 41699 PwrCalcInternalPower.cc:205] _142_:A input slew is not exist.
[m[0;31mE20250831 15:58:11.675182 41699 PwrCalcInternalPower.cc:205] _149_:A2 input slew is not exist.
[m[0;31mE20250831 15:58:11.675536 41699 PwrCalcInternalPower.cc:205] _170_:A2 input slew is not exist.
[m[0;31mE20250831 15:58:11.675750 41699 PwrCalcInternalPower.cc:205] _184_:A input slew is not exist.
[m[0;31mE20250831 15:58:11.675948 41699 PwrCalcInternalPower.cc:205] _192_:A input slew is not exist.
[m[0;31mE20250831 15:58:11.676091 41699 PwrCalcInternalPower.cc:205] _200_:A input slew is not exist.
[m[0;31mE20250831 15:58:11.676324 41699 PwrCalcInternalPower.cc:205] _211_:A input slew is not exist.
[m[0;31mE20250831 15:58:11.676573 41699 PwrCalcInternalPower.cc:205] _221_:A input slew is not exist.
[m[0;31mE20250831 15:58:11.676816 41699 PwrCalcInternalPower.cc:205] _230_:A input slew is not exist.
[m[0;31mE20250831 15:58:11.676971 41699 PwrCalcInternalPower.cc:205] _237_:A input slew is not exist.
[m[0;31mE20250831 15:58:11.677218 41699 PwrCalcInternalPower.cc:205] _247_:A2 input slew is not exist.
[m[0;31mE20250831 15:58:11.677416 41699 PwrCalcInternalPower.cc:205] _254_:A input slew is not exist.
[m[0;31mE20250831 15:58:11.677837 41699 PwrCalcInternalPower.cc:205] _263_:A input slew is not exist.
[m[0;31mE20250831 15:58:11.677958 41699 PwrCalcInternalPower.cc:205] _265_:A input slew is not exist.
[mI20250831 15:58:11.680725 41699 PwrCalcInternalPower.cc:605] calc internal power result 0.0735977mW
I20250831 15:58:11.680811 41699 PwrCalcInternalPower.cc:607] calc internal power end
I20250831 15:58:11.680922 41699 PwrCalcInternalPower.cc:609] calc internal power memory usage 0MB
I20250831 15:58:11.680938 41699 PwrCalcInternalPower.cc:611] calc internal power time elapsed 0.006043s
I20250831 15:58:11.680974 41699 PwrCalcSwitchPower.cc:89] calc switch power start
I20250831 15:58:11.681010 41699 PwrCalcSwitchPower.cc:106] net ALU_overflow has no driver, skip switch power calculation.
I20250831 15:58:11.681358 41699 PwrCalcSwitchPower.cc:99] net _134_ has no load, skip switch power calculation.
I20250831 15:58:11.681375 41699 PwrCalcSwitchPower.cc:99] net ALU_carry_$_ANDNOT__Y_A_$_ANDNOT__Y_B_$_OR__Y_A_$_ANDNOT__Y_A_$_NAND__Y_A_$_ANDNOT__Y_B_$_MUX__Y_A has no load, skip switch power calculation.
I20250831 15:58:11.681478 41699 PwrCalcSwitchPower.cc:106] net PC_count_o[0] has no driver, skip switch power calculation.
I20250831 15:58:11.681489 41699 PwrCalcSwitchPower.cc:106] net PC_count_o[1] has no driver, skip switch power calculation.
I20250831 15:58:11.681563 41699 PwrCalcSwitchPower.cc:173] calc switch power result 0mw
I20250831 15:58:11.681581 41699 PwrCalcSwitchPower.cc:175] calc switch power end
I20250831 15:58:11.681622 41699 PwrCalcSwitchPower.cc:177] calc switch power memory usage 0MB
I20250831 15:58:11.681635 41699 PwrCalcSwitchPower.cc:179] calc switch power time elapsed 0.000662s
I20250831 15:58:11.682727 41699 Power.cc:275] power calculation end
I20250831 15:58:11.682765 41699 Power.cc:277] power calculation memory usage 0MB
I20250831 15:58:11.682776 41699 Power.cc:279] power calculation time elapsed 0.012814s
I20250831 15:58:11.682804 41699 Power.cc:981] power report start, output dir: /home/meowth/ysyx/ysyx-workbench/yosys/yosys-sta/result/ysyx_25030077_top-500MHz
I20250831 15:58:11.683342 41699 Power.cc:491] 
+---------------+----------------+--------------+---------------+-------------+-----------+
| Power Group   | Internal Power | Switch Power | Leakage Power | Total Power | (%)       |
+---------------+----------------+--------------+---------------+-------------+-----------+
| combinational | 3.691e-05      | 0.000e+00    | 3.969e-06     | 4.088e-05   | (52.052%) |
| sequential    | 3.669e-05      | 0.000e+00    | 9.701e-07     | 3.766e-05   | (47.948%) |
+---------------+----------------+--------------+---------------+-------------+-----------+
I20250831 15:58:11.683581 41699 Power.cc:543] Total Power   ==  7.85368e-05 W
I20250831 15:58:11.684196 41699 Power.cc:669] Instance Power Report: 
I20250831 15:58:11.684207 41699 Power.cc:670] 
+-----------------------------+-----------------+----------------+--------------+---------------+-------------+
| Instance Name               | Nominal Voltage | Internal Power | Switch Power | Leakage Power | Total Power |
+-----------------------------+-----------------+----------------+--------------+---------------+-------------+
| _267_                       | 1.1             | 2.407e-06      | 0.000e+00    | 4.121e-08     | 2.448e-06   |
| _268_                       | 1.1             | 2.393e-06      | 0.000e+00    | 4.121e-08     | 2.434e-06   |
| _135_                       | 1.1             | 1.417e-06      | 0.000e+00    | 9.135e-08     | 1.508e-06   |
| i0.state_$_SDFFE_PP0P__Q_6  | 1.1             | 1.271e-06      | 0.000e+00    | 2.988e-08     | 1.301e-06   |
| i0.state_$_SDFFE_PP0P__Q_7  | 1.1             | 1.258e-06      | 0.000e+00    | 3.905e-08     | 1.297e-06   |
| i0.state_$_SDFFE_PP0P__Q_5  | 1.1             | 1.262e-06      | 0.000e+00    | 2.881e-08     | 1.291e-06   |
| _136_                       | 1.1             | 1.173e-06      | 0.000e+00    | 9.224e-08     | 1.265e-06   |
| i0.state_$_SDFFE_PP0P__Q_8  | 1.1             | 1.094e-06      | 0.000e+00    | 3.898e-08     | 1.133e-06   |
| i0.state_$_SDFFE_PP0P__Q_4  | 1.1             | 1.074e-06      | 0.000e+00    | 2.889e-08     | 1.103e-06   |
| i0.state_$_SDFFE_PP0P__Q_3  | 1.1             | 1.066e-06      | 0.000e+00    | 2.881e-08     | 1.095e-06   |
| i0.state_$_SDFFE_PP0P__Q_13 | 1.1             | 1.054e-06      | 0.000e+00    | 2.881e-08     | 1.082e-06   |
| i0.state_$_SDFFE_PP0P__Q_12 | 1.1             | 1.048e-06      | 0.000e+00    | 2.881e-08     | 1.077e-06   |
| i0.state_$_SDFFE_PP0P__Q_17 | 1.1             | 1.043e-06      | 0.000e+00    | 2.881e-08     | 1.071e-06   |
| i0.state_$_SDFFE_PP0P__Q_23 | 1.1             | 1.040e-06      | 0.000e+00    | 2.881e-08     | 1.069e-06   |
| i0.state_$_SDFFE_PP0P__Q_15 | 1.1             | 1.040e-06      | 0.000e+00    | 2.881e-08     | 1.068e-06   |
| i0.state_$_SDFFE_PP0P__Q_11 | 1.1             | 1.040e-06      | 0.000e+00    | 2.881e-08     | 1.068e-06   |
| i0.state_$_SDFFE_PP0P__Q_19 | 1.1             | 1.038e-06      | 0.000e+00    | 2.881e-08     | 1.066e-06   |
| i0.state_$_SDFFE_PP0P__Q    | 1.1             | 1.037e-06      | 0.000e+00    | 2.881e-08     | 1.065e-06   |
| i0.state_$_SDFFE_PP0P__Q_28 | 1.1             | 1.036e-06      | 0.000e+00    | 2.881e-08     | 1.065e-06   |
| i0.state_$_SDFFE_PP0P__Q_16 | 1.1             | 1.036e-06      | 0.000e+00    | 2.881e-08     | 1.065e-06   |
| i0.state_$_SDFFE_PP0P__Q_21 | 1.1             | 1.035e-06      | 0.000e+00    | 2.881e-08     | 1.064e-06   |
| i0.state_$_SDFFE_PP0P__Q_25 | 1.1             | 1.035e-06      | 0.000e+00    | 2.881e-08     | 1.063e-06   |
| i0.state_$_SDFFE_PP0P__Q_14 | 1.1             | 1.035e-06      | 0.000e+00    | 2.881e-08     | 1.063e-06   |
| i0.state_$_SDFFE_PP0P__Q_10 | 1.1             | 1.035e-06      | 0.000e+00    | 2.881e-08     | 1.063e-06   |
| i0.state_$_SDFFE_PP0P__Q_2  | 1.1             | 1.035e-06      | 0.000e+00    | 2.882e-08     | 1.063e-06   |
| i0.state_$_SDFFE_PP0P__Q_26 | 1.1             | 1.034e-06      | 0.000e+00    | 2.881e-08     | 1.063e-06   |
| i0.state_$_SDFFE_PP0P__Q_22 | 1.1             | 1.034e-06      | 0.000e+00    | 2.881e-08     | 1.063e-06   |
| i0.state_$_SDFFE_PP0P__Q_27 | 1.1             | 1.033e-06      | 0.000e+00    | 2.881e-08     | 1.061e-06   |
| i0.state_$_SDFFE_PP0P__Q_1  | 1.1             | 1.032e-06      | 0.000e+00    | 2.881e-08     | 1.061e-06   |
| i0.state_$_SDFFE_PP0P__Q_18 | 1.1             | 1.031e-06      | 0.000e+00    | 2.881e-08     | 1.060e-06   |
| i0.state_$_SDFFE_PP1P__Q    | 1.1             | 1.028e-06      | 0.000e+00    | 3.052e-08     | 1.058e-06   |
| i0.state_$_SDFFE_PP0P__Q_24 | 1.1             | 1.029e-06      | 0.000e+00    | 2.881e-08     | 1.058e-06   |
| i0.state_$_SDFFE_PP0P__Q_20 | 1.1             | 1.029e-06      | 0.000e+00    | 2.881e-08     | 1.058e-06   |
| i0.state_$_SDFFE_PP0P__Q_9  | 1.1             | 1.028e-06      | 0.000e+00    | 2.881e-08     | 1.057e-06   |
| _150_                       | 1.1             | 9.428e-07      | 0.000e+00    | 9.169e-08     | 1.034e-06   |
| _181_                       | 1.1             | 8.286e-07      | 0.000e+00    | 2.631e-08     | 8.550e-07   |
| _170_                       | 1.1             | 8.286e-07      | 0.000e+00    | 2.631e-08     | 8.550e-07   |
| _162_                       | 1.1             | 8.286e-07      | 0.000e+00    | 2.631e-08     | 8.550e-07   |
| _227_                       | 1.1             | 8.285e-07      | 0.000e+00    | 2.631e-08     | 8.548e-07   |
| _217_                       | 1.1             | 8.285e-07      | 0.000e+00    | 2.631e-08     | 8.548e-07   |
| _208_                       | 1.1             | 8.285e-07      | 0.000e+00    | 2.631e-08     | 8.548e-07   |
| _189_                       | 1.1             | 8.285e-07      | 0.000e+00    | 2.631e-08     | 8.548e-07   |
| _197_                       | 1.1             | 8.283e-07      | 0.000e+00    | 2.631e-08     | 8.546e-07   |
| _252_                       | 1.1             | 7.365e-07      | 0.000e+00    | 4.192e-08     | 7.785e-07   |
| _257_                       | 1.1             | 7.004e-07      | 0.000e+00    | 2.387e-08     | 7.243e-07   |
| _253_                       | 1.1             | 6.256e-07      | 0.000e+00    | 2.507e-08     | 6.507e-07   |
| _254_                       | 1.1             | 5.689e-07      | 0.000e+00    | 2.286e-08     | 5.917e-07   |
| _265_                       | 1.1             | 5.569e-07      | 0.000e+00    | 2.400e-08     | 5.809e-07   |
| _169_                       | 1.1             | 5.302e-07      | 0.000e+00    | 2.937e-08     | 5.595e-07   |
| _196_                       | 1.1             | 5.292e-07      | 0.000e+00    | 2.937e-08     | 5.586e-07   |
| _180_                       | 1.1             | 5.274e-07      | 0.000e+00    | 2.937e-08     | 5.567e-07   |
| _161_                       | 1.1             | 5.273e-07      | 0.000e+00    | 2.937e-08     | 5.567e-07   |
| _246_                       | 1.1             | 5.144e-07      | 0.000e+00    | 4.190e-08     | 5.563e-07   |
| _226_                       | 1.1             | 5.251e-07      | 0.000e+00    | 2.937e-08     | 5.544e-07   |
| _216_                       | 1.1             | 5.251e-07      | 0.000e+00    | 2.937e-08     | 5.544e-07   |
| _207_                       | 1.1             | 5.249e-07      | 0.000e+00    | 2.937e-08     | 5.543e-07   |
| _188_                       | 1.1             | 5.249e-07      | 0.000e+00    | 2.937e-08     | 5.543e-07   |
| _247_                       | 1.1             | 5.188e-07      | 0.000e+00    | 2.507e-08     | 5.438e-07   |
| _243_                       | 1.1             | 4.976e-07      | 0.000e+00    | 3.025e-08     | 5.278e-07   |
| _149_                       | 1.1             | 5.021e-07      | 0.000e+00    | 2.507e-08     | 5.271e-07   |
| _147_                       | 1.1             | 4.842e-07      | 0.000e+00    | 4.190e-08     | 5.261e-07   |
| _204_                       | 1.1             | 4.985e-07      | 0.000e+00    | 2.258e-08     | 5.210e-07   |
| _174_                       | 1.1             | 4.964e-07      | 0.000e+00    | 2.258e-08     | 5.189e-07   |
| _185_                       | 1.1             | 4.963e-07      | 0.000e+00    | 2.258e-08     | 5.189e-07   |
| _166_                       | 1.1             | 4.963e-07      | 0.000e+00    | 2.258e-08     | 5.189e-07   |
| _212_                       | 1.1             | 4.963e-07      | 0.000e+00    | 2.258e-08     | 5.189e-07   |
| _193_                       | 1.1             | 4.963e-07      | 0.000e+00    | 2.258e-08     | 5.189e-07   |
| _201_                       | 1.1             | 4.963e-07      | 0.000e+00    | 2.258e-08     | 5.189e-07   |
| _264_                       | 1.1             | 4.962e-07      | 0.000e+00    | 2.258e-08     | 5.187e-07   |
| _231_                       | 1.1             | 4.961e-07      | 0.000e+00    | 2.258e-08     | 5.187e-07   |
| _222_                       | 1.1             | 4.961e-07      | 0.000e+00    | 2.258e-08     | 5.187e-07   |
| _234_                       | 1.1             | 4.880e-07      | 0.000e+00    | 2.337e-08     | 5.114e-07   |
| _248_                       | 1.1             | 4.848e-07      | 0.000e+00    | 2.106e-08     | 5.059e-07   |
| _237_                       | 1.1             | 4.694e-07      | 0.000e+00    | 2.093e-08     | 4.903e-07   |
| _173_                       | 1.1             | 4.473e-07      | 0.000e+00    | 4.280e-08     | 4.901e-07   |
| _143_                       | 1.1             | 4.684e-07      | 0.000e+00    | 2.093e-08     | 4.893e-07   |
| _200_                       | 1.1             | 4.454e-07      | 0.000e+00    | 4.280e-08     | 4.883e-07   |
| _184_                       | 1.1             | 4.443e-07      | 0.000e+00    | 4.280e-08     | 4.871e-07   |
| _165_                       | 1.1             | 4.442e-07      | 0.000e+00    | 4.280e-08     | 4.870e-07   |
| _203_                       | 1.1             | 4.423e-07      | 0.000e+00    | 4.279e-08     | 4.851e-07   |
| _240_                       | 1.1             | 4.411e-07      | 0.000e+00    | 4.280e-08     | 4.839e-07   |
| _211_                       | 1.1             | 4.411e-07      | 0.000e+00    | 4.280e-08     | 4.839e-07   |
| _192_                       | 1.1             | 4.411e-07      | 0.000e+00    | 4.280e-08     | 4.839e-07   |
| _230_                       | 1.1             | 4.410e-07      | 0.000e+00    | 4.280e-08     | 4.838e-07   |
| _221_                       | 1.1             | 4.410e-07      | 0.000e+00    | 4.280e-08     | 4.838e-07   |
| _263_                       | 1.1             | 4.409e-07      | 0.000e+00    | 4.280e-08     | 4.837e-07   |
| _266_                       | 1.1             | 4.359e-07      | 0.000e+00    | 2.152e-08     | 4.574e-07   |
| _236_                       | 1.1             | 4.248e-07      | 0.000e+00    | 2.582e-08     | 4.506e-07   |
| _148_                       | 1.1             | 3.958e-07      | 0.000e+00    | 2.292e-08     | 4.187e-07   |
| _256_                       | 1.1             | 3.398e-07      | 0.000e+00    | 2.032e-08     | 3.601e-07   |
| _255_                       | 1.1             | 3.417e-07      | 0.000e+00    | 1.799e-08     | 3.597e-07   |
| _137_                       | 1.1             | 2.477e-07      | 0.000e+00    | 8.426e-08     | 3.319e-07   |
| _249_                       | 1.1             | 2.852e-07      | 0.000e+00    | 1.735e-08     | 3.026e-07   |
| _258_                       | 1.1             | 2.778e-07      | 0.000e+00    | 2.120e-08     | 2.990e-07   |
| _144_                       | 1.1             | 2.725e-07      | 0.000e+00    | 1.730e-08     | 2.898e-07   |
| _152_                       | 1.1             | 2.667e-07      | 0.000e+00    | 2.286e-08     | 2.896e-07   |
| _238_                       | 1.1             | 2.722e-07      | 0.000e+00    | 1.730e-08     | 2.895e-07   |
| _251_                       | 1.1             | 2.603e-07      | 0.000e+00    | 2.546e-08     | 2.858e-07   |
| _156_                       | 1.1             | 2.606e-07      | 0.000e+00    | 2.286e-08     | 2.834e-07   |
| _151_                       | 1.1             | 1.920e-07      | 0.000e+00    | 9.134e-08     | 2.833e-07   |
| _142_                       | 1.1             | 9.931e-08      | 0.000e+00    | 1.435e-08     | 1.137e-07   |
| _140_                       | 1.1             | 9.438e-08      | 0.000e+00    | 1.435e-08     | 1.087e-07   |
| _232_                       | 1.1             | 9.416e-08      | 0.000e+00    | 1.435e-08     | 1.085e-07   |
| _244_                       | 1.1             | 9.405e-08      | 0.000e+00    | 1.435e-08     | 1.084e-07   |
| _250_                       | 1.1             | 9.405e-08      | 0.000e+00    | 1.435e-08     | 1.084e-07   |
| _138_                       | 1.1             | 8.209e-08      | 0.000e+00    | 2.259e-08     | 1.047e-07   |
| _259_                       | 1.1             | 7.532e-08      | 0.000e+00    | 2.259e-08     | 9.791e-08   |
| _155_                       | 1.1             | 7.279e-08      | 0.000e+00    | 2.259e-08     | 9.538e-08   |
| _179_                       | 1.1             | 1.258e-17      | 0.000e+00    | 9.514e-08     | 9.514e-08   |
| _168_                       | 1.1             | 8.584e-19      | 0.000e+00    | 9.514e-08     | 9.514e-08   |
| _160_                       | 1.1             | 5.765e-20      | 0.000e+00    | 9.514e-08     | 9.514e-08   |
| _177_                       | 1.1             | 3.189e-17      | 0.000e+00    | 9.148e-08     | 9.148e-08   |
| _153_                       | 1.1             | 2.191e-09      | 0.000e+00    | 8.276e-08     | 8.495e-08   |
| _139_                       | 1.1             | 2.037e-09      | 0.000e+00    | 8.156e-08     | 8.360e-08   |
| _154_                       | 1.1             | 5.963e-14      | 0.000e+00    | 8.138e-08     | 8.138e-08   |
| _158_                       | 1.1             | 1.375e-18      | 0.000e+00    | 8.138e-08     | 8.138e-08   |
| _176_                       | 1.1             | 4.719e-16      | 0.000e+00    | 8.117e-08     | 8.117e-08   |
| _175_                       | 1.1             | 5.399e-08      | 0.000e+00    | 2.278e-08     | 7.678e-08   |
| _245_                       | 1.1             | 3.808e-08      | 0.000e+00    | 2.558e-08     | 6.366e-08   |
| _159_                       | 1.1             | 1.086e-19      | 0.000e+00    | 3.413e-08     | 3.413e-08   |
| _146_                       | 1.1             | 1.830e-09      | 0.000e+00    | 2.413e-08     | 2.596e-08   |
| _141_                       | 1.1             | 2.824e-10      | 0.000e+00    | 2.559e-08     | 2.587e-08   |
| _233_                       | 1.1             | 2.170e-11      | 0.000e+00    | 2.559e-08     | 2.561e-08   |
| _209_                       | 1.1             | 4.408e-15      | 0.000e+00    | 2.413e-08     | 2.413e-08   |
| _198_                       | 1.1             | 3.143e-16      | 0.000e+00    | 2.413e-08     | 2.413e-08   |
| _190_                       | 1.1             | 2.139e-17      | 0.000e+00    | 2.413e-08     | 2.413e-08   |
| _182_                       | 1.1             | 1.486e-18      | 0.000e+00    | 2.413e-08     | 2.413e-08   |
| _171_                       | 1.1             | 1.018e-19      | 0.000e+00    | 2.413e-08     | 2.413e-08   |
| _163_                       | 1.1             | 6.848e-21      | 0.000e+00    | 2.413e-08     | 2.413e-08   |
| _261_                       | 1.1             | 4.488e-22      | 0.000e+00    | 2.413e-08     | 2.413e-08   |
| _242_                       | 1.1             | 3.533e-10      | 0.000e+00    | 2.362e-08     | 2.398e-08   |
| _225_                       | 1.1             | 2.007e-12      | 0.000e+00    | 2.361e-08     | 2.362e-08   |
| _215_                       | 1.1             | 1.449e-13      | 0.000e+00    | 2.361e-08     | 2.361e-08   |
| _206_                       | 1.1             | 1.028e-14      | 0.000e+00    | 2.361e-08     | 2.361e-08   |
| _195_                       | 1.1             | 7.203e-16      | 0.000e+00    | 2.361e-08     | 2.361e-08   |
| _187_                       | 1.1             | 4.968e-17      | 0.000e+00    | 2.361e-08     | 2.361e-08   |
| _218_                       | 1.1             | 7.217e-11      | 0.000e+00    | 2.282e-08     | 2.289e-08   |
| _229_                       | 1.1             | 1.514e-12      | 0.000e+00    | 2.202e-08     | 2.202e-08   |
| _220_                       | 1.1             | 1.098e-13      | 0.000e+00    | 2.202e-08     | 2.202e-08   |
| _157_                       | 1.1             | 6.261e-10      | 0.000e+00    | 2.066e-08     | 2.129e-08   |
| _213_                       | 1.1             | 3.647e-13      | 0.000e+00    | 2.071e-08     | 2.071e-08   |
| _223_                       | 1.1             | 5.005e-12      | 0.000e+00    | 2.027e-08     | 2.028e-08   |
| _178_                       | 1.1             | 1.941e-18      | 0.000e+00    | 2.020e-08     | 2.020e-08   |
| _235_                       | 1.1             | 1.200e-11      | 0.000e+00    | 1.630e-08     | 1.631e-08   |
| _145_                       | 1.1             | 6.786e-09      | 0.000e+00    | 8.553e-09     | 1.534e-08   |
| _202_                       | 1.1             | 6.471e-10      | 0.000e+00    | 1.010e-08     | 1.075e-08   |
| _241_                       | 1.1             | 9.479e-11      | 0.000e+00    | 1.010e-08     | 1.020e-08   |
| _239_                       | 1.1             | 5.098e-11      | 0.000e+00    | 1.010e-08     | 1.015e-08   |
| _224_                       | 1.1             | 5.669e-13      | 0.000e+00    | 1.010e-08     | 1.010e-08   |
| _214_                       | 1.1             | 4.132e-14      | 0.000e+00    | 1.010e-08     | 1.010e-08   |
| _205_                       | 1.1             | 2.956e-15      | 0.000e+00    | 1.010e-08     | 1.010e-08   |
| _210_                       | 1.1             | 1.489e-15      | 0.000e+00    | 1.010e-08     | 1.010e-08   |
| _199_                       | 1.1             | 1.047e-16      | 0.000e+00    | 1.010e-08     | 1.010e-08   |
| _186_                       | 1.1             | 1.443e-17      | 0.000e+00    | 1.010e-08     | 1.010e-08   |
| _191_                       | 1.1             | 7.226e-18      | 0.000e+00    | 1.010e-08     | 1.010e-08   |
| _183_                       | 1.1             | 4.985e-19      | 0.000e+00    | 1.010e-08     | 1.010e-08   |
| _167_                       | 1.1             | 6.793e-20      | 0.000e+00    | 1.010e-08     | 1.010e-08   |
| _172_                       | 1.1             | 3.392e-20      | 0.000e+00    | 1.010e-08     | 1.010e-08   |
| _164_                       | 1.1             | 2.291e-21      | 0.000e+00    | 1.010e-08     | 1.010e-08   |
| _262_                       | 1.1             | 1.624e-22      | 0.000e+00    | 1.010e-08     | 1.010e-08   |
| _228_                       | 1.1             | 1.635e-12      | 0.000e+00    | 4.815e-09     | 4.817e-09   |
| _219_                       | 1.1             | 2.364e-13      | 0.000e+00    | 4.383e-09     | 4.383e-09   |
| _194_                       | 1.1             | 1.219e-15      | 0.000e+00    | 4.248e-09     | 4.248e-09   |
| _260_                       | 1.1             | 1.788e-21      | 0.000e+00    | 3.377e-09     | 3.377e-09   |
+-----------------------------+-----------------+----------------+--------------+---------------+-------------+
I20250831 15:58:11.687914 41699 Power.cc:1047] power report end, output dir: /home/meowth/ysyx/ysyx-workbench/yosys/yosys-sta/result/ysyx_25030077_top-500MHz
I20250831 15:58:11.688010 41699 Power.cc:1049] power report memory usage 0MB
I20250831 15:58:11.688022 41699 Power.cc:1051] power report time elapsed 0.005221s
