
 /----------------------------------------------------------------------------\
 |  yosys -- Yosys Open SYnthesis Suite                                       |
 |  Copyright (C) 2012 - 2025  Claire Xenia Wolf <claire@yosyshq.com>         |
 |  Distributed under an ISC-like license, type "license" to see terms        |
 \----------------------------------------------------------------------------/
 Yosys 0.56+197 (git sha1 d4c4b2106, clang++ 18.1.8 -fPIC -O3)

-- Executing script file `-' --
[TCL: yosys -import] Command name collision: found pre-existing command `cd' -> skip.
[TCL: yosys -import] Command name collision: found pre-existing command `eval' -> skip.
[TCL: yosys -import] Command name collision: found pre-existing command `exec' -> skip.
[TCL: yosys -import] Command name collision: found pre-existing command `read' -> skip.
[TCL: yosys -import] Command name collision: found pre-existing command `trace' -> skip.

1. Executing Verilog-2005 frontend: /home/meowth/ysyx/ysyx-workbench/yosys/yosys-sta/result/ysyx_25030077_top-500MHz/ysyx_25030077_top.netlist.fixed.v
Parsing Verilog input from `/home/meowth/ysyx/ysyx-workbench/yosys/yosys-sta/result/ysyx_25030077_top-500MHz/ysyx_25030077_top.netlist.fixed.v' to AST representation.
Generating RTLIL representation for module `\ysyx_25030077_top'.
Successfully finished Verilog frontend.

2. Executing Liberty frontend: /home/meowth/ysyx/ysyx-workbench/yosys/yosys-sta/scripts/../pdk/nangate45/lib/Nangate45_typ.lib
Imported 134 cell types from liberty file.

3. Executing HIERARCHY pass (managing design hierarchy).

3.1. Analyzing design hierarchy..
Top module:  \ysyx_25030077_top

3.2. Analyzing design hierarchy..
Top module:  \ysyx_25030077_top
Removed 0 unused modules.

4. Executing CHECK pass (checking for obvious problems).
Checking module ysyx_25030077_top...
Found and reported 0 problems.

5. Printing statistics.

=== ysyx_25030077_top ===

        +----------Local Count, excluding submodules.
        |        +-Local Area, excluding submodules.
        |        | 
      170        - wires
      201        - wire bits
      170        - public wires
      201        - public wire bits
        5        - ports
       36        - port bits
      166  302.974 cells
       20    21.28   AND2_X1
        7   16.758   AND2_X4
       12    15.96   AND3_X1
        3    8.778   AND3_X4
        4    6.384   AND4_X1
        1    3.458   AND4_X4
       13   13.832   AOI21_X1
        1    1.064   CLKBUF_X2
        2    6.916   CLKGATE_X1
       30   135.66   DFF_X1
       20    10.64   INV_X1
        1    0.798   INV_X2
        1    0.532   LOGIC0_X1
        1    0.532   LOGIC1_X1
        1    0.798   NAND2_X1
        5     5.32   NAND3_X1
        1    3.458   NAND3_X4
       14   11.172   NOR2_X1
        1    1.064   NOR3_X1
       13   13.832   OAI21_X1
        3    3.192   OR2_X1
        6     7.98   OR3_X1
        3    8.778   OR3_X4
        3    4.788   XNOR2_X1

   Chip area for module '\ysyx_25030077_top': 302.974000
     of which used for sequential elements: 135.660000 (44.78%)

End of script. Logfile hash: f712b3cf20, CPU: user 0.13s system 0.01s, MEM: 31.58 MB peak
Yosys 0.56+197 (git sha1 d4c4b2106, clang++ 18.1.8 -fPIC -O3)
Time spent: 32% 1x stat (0 sec), 31% 2x read_liberty (0 sec), ...
