Generate the report at 2025-08-31T15:26:58, GitVersion: aa25008b3778a76ae1975c839d4cc459f7f7b3b7.
+-------------------------------+-------------+------------+------------+---------------+-------+-------+-----------+
| Endpoint                      | Clock Group | Delay Type | Path Delay | Path Required | CPPR  | Slack | Freq(MHz) |
+-------------------------------+-------------+------------+------------+---------------+-------+-------+-----------+
| i0.state_$_SDFFE_PP0P__Q_14:D | core_clock  | max        | 0.375f     | 1.960         | 0.000 | 1.585 | 2410.399  |
| i0.state_$_SDFFE_PP0P__Q_14:D | core_clock  | max        | 0.375f     | 1.960         | 0.000 | 1.585 | 2410.399  |
| i0.state_$_SDFFE_PP0P__Q_10:D | core_clock  | max        | 0.373f     | 1.960         | 0.000 | 1.587 | 2423.038  |
| i0.state_$_SDFFE_PP0P__Q_10:D | core_clock  | max        | 0.373f     | 1.960         | 0.000 | 1.587 | 2423.038  |
| i0.state_$_SDFFE_PP0P__Q_12:D | core_clock  | max        | 0.369f     | 1.960         | 0.000 | 1.591 | 2446.286  |
| i0.state_$_SDFFE_PP1P__Q:D    | core_clock  | min        | 0.081f     | 0.002         | 0.000 | 0.080 | NA        |
| i0.state_$_SDFFE_PP1P__Q:D    | core_clock  | min        | 0.081f     | 0.002         | 0.000 | 0.080 | NA        |
| i0.state_$_SDFFE_PP1P__Q:D    | core_clock  | min        | 0.097r     | 0.007         | 0.000 | 0.090 | NA        |
| i0.state_$_SDFFE_PP1P__Q:D    | core_clock  | min        | 0.097r     | 0.007         | 0.000 | 0.090 | NA        |
| i0.state_$_SDFFE_PP0P__Q_28:D | core_clock  | min        | 0.108f     | 0.002         | 0.000 | 0.106 | NA        |
+-------------------------------+-------------+------------+------------+---------------+-------+-------+-----------+
+------------+------------+-------+
| Clock      | Delay Type | TNS   |
+------------+------------+-------+
| core_clock | max        | 0.000 |
| core_clock | min        | 0.000 |
+------------+------------+-------+
+-----------------------------------------+--------+-------------+------------+------------+-------------+--------+-----------------+
| Point                                   | Fanout | Capacitance | Resistance | Transition | Delta Delay | Incr   | Path            |
+-----------------------------------------+--------+-------------+------------+------------+-------------+--------+-----------------+
| clk (port)                              |        | 0.004       | 0.000      | 0.000      |             | 0.000  | 0.000r          |
| clk (clock net)                         | 2      |             |            |            | NA          |        |                 |
| _269_:CK (CLKGATE_X1)                   |        | 0.002       | 0.000      | 0.000      |             | 0.000  | 0.000r          |
| _269_:GCK (CLKGATE_X1)                  |        | 0.020       | 0.000      | 0.000      |             | 0.000  | 0.000r          |
| _133_ (clock net)                       | 21     |             |            |            | NA          |        |                 |
| i0.state_$_SDFFE_PP0P__Q_27:CK (DFF_X1) |        | 0.001       | 0.000      | 0.000      |             | 0.000  | 0.000r          |
| clock core_clock (rise edge)            |        |             |            |            |             | 0      | 0               |
| clock network delay (ideal)             |        |             |            |            |             | 0.000  | 0.000           |
| i0.state_$_SDFFE_PP0P__Q_27:CK (DFF_X1) |        | 0.001       | 0.000      | 0.000      |             | 0.000  | 0.000r          |
| i0.state_$_SDFFE_PP0P__Q_27:Q (DFF_X1)  |        | 0.004       | 0.000      | 0.013      |             | 0.090  | 0.090r          |
| PC_count_o[12] (net)                    | 2      |             |            |            | 0.000       |        |                 |
| _151_:A2 (AND2_X4)                      |        | 0.004       | 0.000      | 0.013      |             | 0.000  | 0.090r          |
| _151_:ZN (AND2_X4)                      |        | 0.006       | 0.000      | 0.009      |             | 0.031  | 0.121r          |
| _040_ (net)                             | 3      |             |            |            | 0.000       |        |                 |
| _152_:A1 (AND3_X4)                      |        | 0.003       | 0.000      | 0.009      |             | 0.000  | 0.121r          |
| _152_:ZN (AND3_X4)                      |        | 0.005       | 0.000      | 0.010      |             | 0.037  | 0.158r          |
| _041_ (net)                             | 3      |             |            |            | 0.000       |        |                 |
| _154_:A2 (AND4_X4)                      |        | 0.003       | 0.000      | 0.010      |             | 0.000  | 0.158r          |
| _154_:ZN (AND4_X4)                      |        | 0.008       | 0.000      | 0.012      |             | 0.051  | 0.209r          |
| _043_ (net)                             | 3      |             |            |            | 0.000       |        |                 |
| _177_:A1 (AND3_X4)                      |        | 0.003       | 0.000      | 0.012      |             | 0.000  | 0.209r          |
| _177_:ZN (AND3_X4)                      |        | 0.005       | 0.000      | 0.009      |             | 0.037  | 0.246r          |
| _062_ (net)                             | 2      |             |            |            | 0.000       |        |                 |
| _178_:A1 (AND3_X4)                      |        | 0.003       | 0.000      | 0.009      |             | 0.000  | 0.246r          |
| _178_:ZN (AND3_X4)                      |        | 0.003       | 0.000      | 0.008      |             | 0.035  | 0.281r          |
| _063_ (net)                             | 1      |             |            |            | 0.000       |        |                 |
| _179_:A (INV_X2)                        |        | 0.003       | 0.000      | 0.008      |             | 0.000  | 0.281r          |
| _179_:ZN (INV_X2)                       |        | 0.007       | 0.000      | 0.006      |             | 0.010  | 0.291f          |
| _064_ (net)                             | 4      |             |            |            | 0.000       |        |                 |
| _180_:A1 (OR3_X4)                       |        | 0.003       | 0.000      | 0.006      |             | 0.000  | 0.291f          |
| _180_:ZN (OR3_X4)                       |        | 0.001       | 0.000      | 0.010      |             | 0.052  | 0.343f          |
| _065_ (net)                             | 1      |             |            |            | 0.000       |        |                 |
| _182_:A1 (AND3_X1)                      |        | 0.001       | 0.000      | 0.010      |             | 0.000  | 0.343f          |
| _182_:ZN (AND3_X1)                      |        | 0.001       | 0.000      | 0.007      |             | 0.032  | 0.375f          |
| _006_ (net)                             | 1      |             |            |            | 0.000       |        |                 |
| i0.state_$_SDFFE_PP0P__Q_14:D (DFF_X1)  |        | 0.001       | 0.000      | 0.007      |             | 0.000  | 0.375f          |
|                                         |        |             |            |            |             |        |                 |
| clk (port)                              |        | 0.004       | 0.000      | 0.000      |             | 0.000  | 0.000r          |
| clk (clock net)                         | 2      |             |            |            | NA          |        |                 |
| _269_:CK (CLKGATE_X1)                   |        | 0.002       | 0.000      | 0.000      |             | 0.000  | 0.000r          |
| _269_:GCK (CLKGATE_X1)                  |        | 0.020       | 0.000      | 0.000      |             | 0.000  | 0.000r          |
| _133_ (clock net)                       | 21     |             |            |            | NA          |        |                 |
| i0.state_$_SDFFE_PP0P__Q_14:CK (DFF_X1) |        | 0.001       | 0.000      | 0.000      |             | 0.000  | 0.000r          |
| clock core_clock (rise edge)            |        |             |            |            |             | 2      | 2               |
| clock network delay (ideal)             |        |             |            |            |             | 0.000  | 2.000           |
| i0.state_$_SDFFE_PP0P__Q_14:CK (DFF_X1) |        |             |            |            |             |        | 2.000r          |
| library setup time                      |        |             |            |            |             | -0.040 | 1.960           |
| clock reconvergence pessimism           |        |             |            |            |             | 0.000  | 1.960           |
|                                         |        |             |            |            |             |        |                 |
| path cell delay                         |        |             |            |            |             |        | 0.375(100.000%) |
| path net delay                          |        |             |            |            |             |        | 0.000(0.000%)   |
|                                         |        |             |            |            |             |        |                 |
| data require time                       |        |             |            |            |             |        | 1.960           |
| data arrival time                       |        |             |            |            |             |        | 0.375           |
| slack (MET)                             |        |             |            |            |             |        | 1.585           |
+-----------------------------------------+--------+-------------+------------+------------+-------------+--------+-----------------+
+-----------------------------------------+--------+-------------+------------+------------+-------------+--------+-----------------+
| Point                                   | Fanout | Capacitance | Resistance | Transition | Delta Delay | Incr   | Path            |
+-----------------------------------------+--------+-------------+------------+------------+-------------+--------+-----------------+
| clk (port)                              |        | 0.004       | 0.000      | 0.000      |             | 0.000  | 0.000r          |
| clk (clock net)                         | 2      |             |            |            | NA          |        |                 |
| _269_:CK (CLKGATE_X1)                   |        | 0.002       | 0.000      | 0.000      |             | 0.000  | 0.000r          |
| _269_:GCK (CLKGATE_X1)                  |        | 0.020       | 0.000      | 0.000      |             | 0.000  | 0.000r          |
| _133_ (clock net)                       | 21     |             |            |            | NA          |        |                 |
| i0.state_$_SDFFE_PP0P__Q_27:CK (DFF_X1) |        | 0.001       | 0.000      | 0.000      |             | 0.000  | 0.000r          |
| clock core_clock (rise edge)            |        |             |            |            |             | 0      | 0               |
| clock network delay (ideal)             |        |             |            |            |             | 0.000  | 0.000           |
| i0.state_$_SDFFE_PP0P__Q_27:CK (DFF_X1) |        | 0.001       | 0.000      | 0.000      |             | 0.000  | 0.000r          |
| i0.state_$_SDFFE_PP0P__Q_27:Q (DFF_X1)  |        | 0.004       | 0.000      | 0.013      |             | 0.090  | 0.090r          |
| PC_count_o[12] (net)                    | 2      |             |            |            | 0.000       |        |                 |
| _151_:A2 (AND2_X4)                      |        | 0.004       | 0.000      | 0.013      |             | 0.000  | 0.090r          |
| _151_:ZN (AND2_X4)                      |        | 0.006       | 0.000      | 0.009      |             | 0.031  | 0.121r          |
| _040_ (net)                             | 3      |             |            |            | 0.000       |        |                 |
| _152_:A1 (AND3_X4)                      |        | 0.003       | 0.000      | 0.009      |             | 0.000  | 0.121r          |
| _152_:ZN (AND3_X4)                      |        | 0.005       | 0.000      | 0.010      |             | 0.037  | 0.158r          |
| _041_ (net)                             | 3      |             |            |            | 0.000       |        |                 |
| _154_:A2 (AND4_X4)                      |        | 0.003       | 0.000      | 0.010      |             | 0.000  | 0.158r          |
| _154_:ZN (AND4_X4)                      |        | 0.008       | 0.000      | 0.012      |             | 0.051  | 0.209r          |
| _043_ (net)                             | 3      |             |            |            | 0.000       |        |                 |
| _177_:A1 (AND3_X4)                      |        | 0.003       | 0.000      | 0.012      |             | 0.000  | 0.209r          |
| _177_:ZN (AND3_X4)                      |        | 0.005       | 0.000      | 0.009      |             | 0.037  | 0.246r          |
| _062_ (net)                             | 2      |             |            |            | 0.000       |        |                 |
| _178_:A1 (AND3_X4)                      |        | 0.003       | 0.000      | 0.009      |             | 0.000  | 0.246r          |
| _178_:ZN (AND3_X4)                      |        | 0.003       | 0.000      | 0.008      |             | 0.035  | 0.281r          |
| _063_ (net)                             | 1      |             |            |            | 0.000       |        |                 |
| _179_:A (INV_X2)                        |        | 0.003       | 0.000      | 0.008      |             | 0.000  | 0.281r          |
| _179_:ZN (INV_X2)                       |        | 0.007       | 0.000      | 0.006      |             | 0.010  | 0.291f          |
| _064_ (net)                             | 4      |             |            |            | 0.000       |        |                 |
| _180_:A1 (OR3_X4)                       |        | 0.003       | 0.000      | 0.006      |             | 0.000  | 0.291f          |
| _180_:ZN (OR3_X4)                       |        | 0.001       | 0.000      | 0.010      |             | 0.052  | 0.343f          |
| _065_ (net)                             | 1      |             |            |            | 0.000       |        |                 |
| _182_:A1 (AND3_X1)                      |        | 0.001       | 0.000      | 0.010      |             | 0.000  | 0.343f          |
| _182_:ZN (AND3_X1)                      |        | 0.001       | 0.000      | 0.007      |             | 0.032  | 0.375f          |
| _006_ (net)                             | 1      |             |            |            | 0.000       |        |                 |
| i0.state_$_SDFFE_PP0P__Q_14:D (DFF_X1)  |        | 0.001       | 0.000      | 0.007      |             | 0.000  | 0.375f          |
|                                         |        |             |            |            |             |        |                 |
| clk (port)                              |        | 0.004       | 0.000      | 0.000      |             | 0.000  | 0.000r          |
| clk (clock net)                         | 2      |             |            |            | NA          |        |                 |
| _269_:CK (CLKGATE_X1)                   |        | 0.002       | 0.000      | 0.000      |             | 0.000  | 0.000r          |
| _269_:GCK (CLKGATE_X1)                  |        | 0.020       | 0.000      | 0.000      |             | 0.000  | 0.000r          |
| _133_ (clock net)                       | 21     |             |            |            | NA          |        |                 |
| i0.state_$_SDFFE_PP0P__Q_14:CK (DFF_X1) |        | 0.001       | 0.000      | 0.000      |             | 0.000  | 0.000r          |
| clock core_clock (rise edge)            |        |             |            |            |             | 2      | 2               |
| clock network delay (ideal)             |        |             |            |            |             | 0.000  | 2.000           |
| i0.state_$_SDFFE_PP0P__Q_14:CK (DFF_X1) |        |             |            |            |             |        | 2.000r          |
| library setup time                      |        |             |            |            |             | -0.040 | 1.960           |
| clock reconvergence pessimism           |        |             |            |            |             | 0.000  | 1.960           |
|                                         |        |             |            |            |             |        |                 |
| path cell delay                         |        |             |            |            |             |        | 0.375(100.000%) |
| path net delay                          |        |             |            |            |             |        | 0.000(0.000%)   |
|                                         |        |             |            |            |             |        |                 |
| data require time                       |        |             |            |            |             |        | 1.960           |
| data arrival time                       |        |             |            |            |             |        | 0.375           |
| slack (MET)                             |        |             |            |            |             |        | 1.585           |
+-----------------------------------------+--------+-------------+------------+------------+-------------+--------+-----------------+
+-----------------------------------------+--------+-------------+------------+------------+-------------+--------+-----------------+
| Point                                   | Fanout | Capacitance | Resistance | Transition | Delta Delay | Incr   | Path            |
+-----------------------------------------+--------+-------------+------------+------------+-------------+--------+-----------------+
| clk (port)                              |        | 0.004       | 0.000      | 0.000      |             | 0.000  | 0.000r          |
| clk (clock net)                         | 2      |             |            |            | NA          |        |                 |
| _269_:CK (CLKGATE_X1)                   |        | 0.002       | 0.000      | 0.000      |             | 0.000  | 0.000r          |
| _269_:GCK (CLKGATE_X1)                  |        | 0.020       | 0.000      | 0.000      |             | 0.000  | 0.000r          |
| _133_ (clock net)                       | 21     |             |            |            | NA          |        |                 |
| i0.state_$_SDFFE_PP0P__Q_27:CK (DFF_X1) |        | 0.001       | 0.000      | 0.000      |             | 0.000  | 0.000r          |
| clock core_clock (rise edge)            |        |             |            |            |             | 0      | 0               |
| clock network delay (ideal)             |        |             |            |            |             | 0.000  | 0.000           |
| i0.state_$_SDFFE_PP0P__Q_27:CK (DFF_X1) |        | 0.001       | 0.000      | 0.000      |             | 0.000  | 0.000r          |
| i0.state_$_SDFFE_PP0P__Q_27:Q (DFF_X1)  |        | 0.004       | 0.000      | 0.013      |             | 0.090  | 0.090r          |
| PC_count_o[12] (net)                    | 2      |             |            |            | 0.000       |        |                 |
| _151_:A2 (AND2_X4)                      |        | 0.004       | 0.000      | 0.013      |             | 0.000  | 0.090r          |
| _151_:ZN (AND2_X4)                      |        | 0.006       | 0.000      | 0.009      |             | 0.031  | 0.121r          |
| _040_ (net)                             | 3      |             |            |            | 0.000       |        |                 |
| _152_:A1 (AND3_X4)                      |        | 0.003       | 0.000      | 0.009      |             | 0.000  | 0.121r          |
| _152_:ZN (AND3_X4)                      |        | 0.005       | 0.000      | 0.010      |             | 0.037  | 0.158r          |
| _041_ (net)                             | 3      |             |            |            | 0.000       |        |                 |
| _154_:A2 (AND4_X4)                      |        | 0.003       | 0.000      | 0.010      |             | 0.000  | 0.158r          |
| _154_:ZN (AND4_X4)                      |        | 0.008       | 0.000      | 0.012      |             | 0.051  | 0.209r          |
| _043_ (net)                             | 3      |             |            |            | 0.000       |        |                 |
| _155_:A1 (AND2_X4)                      |        | 0.003       | 0.000      | 0.012      |             | 0.000  | 0.209r          |
| _155_:ZN (AND2_X4)                      |        | 0.006       | 0.000      | 0.009      |             | 0.030  | 0.239r          |
| _044_ (net)                             | 3      |             |            |            | 0.000       |        |                 |
| _159_:A1 (AND2_X4)                      |        | 0.003       | 0.000      | 0.009      |             | 0.000  | 0.239r          |
| _159_:ZN (AND2_X4)                      |        | 0.008       | 0.000      | 0.009      |             | 0.030  | 0.269r          |
| _048_ (net)                             | 2      |             |            |            | 0.000       |        |                 |
| _160_:A1 (NAND3_X4)                     |        | 0.006       | 0.000      | 0.009      |             | 0.000  | 0.269r          |
| _160_:ZN (NAND3_X4)                     |        | 0.007       | 0.000      | 0.012      |             | 0.018  | 0.287f          |
| _049_ (net)                             | 4      |             |            |            | 0.000       |        |                 |
| _161_:A1 (OR3_X4)                       |        | 0.003       | 0.000      | 0.012      |             | 0.000  | 0.287f          |
| _161_:ZN (OR3_X4)                       |        | 0.001       | 0.000      | 0.010      |             | 0.054  | 0.341f          |
| _050_ (net)                             | 1      |             |            |            | 0.000       |        |                 |
| _163_:A1 (AND3_X1)                      |        | 0.001       | 0.000      | 0.010      |             | 0.000  | 0.341f          |
| _163_:ZN (AND3_X1)                      |        | 0.001       | 0.000      | 0.007      |             | 0.032  | 0.373f          |
| _002_ (net)                             | 1      |             |            |            | 0.000       |        |                 |
| i0.state_$_SDFFE_PP0P__Q_10:D (DFF_X1)  |        | 0.001       | 0.000      | 0.007      |             | 0.000  | 0.373f          |
|                                         |        |             |            |            |             |        |                 |
| clk (port)                              |        | 0.004       | 0.000      | 0.000      |             | 0.000  | 0.000r          |
| clk (clock net)                         | 2      |             |            |            | NA          |        |                 |
| _269_:CK (CLKGATE_X1)                   |        | 0.002       | 0.000      | 0.000      |             | 0.000  | 0.000r          |
| _269_:GCK (CLKGATE_X1)                  |        | 0.020       | 0.000      | 0.000      |             | 0.000  | 0.000r          |
| _133_ (clock net)                       | 21     |             |            |            | NA          |        |                 |
| i0.state_$_SDFFE_PP0P__Q_10:CK (DFF_X1) |        | 0.001       | 0.000      | 0.000      |             | 0.000  | 0.000r          |
| clock core_clock (rise edge)            |        |             |            |            |             | 2      | 2               |
| clock network delay (ideal)             |        |             |            |            |             | 0.000  | 2.000           |
| i0.state_$_SDFFE_PP0P__Q_10:CK (DFF_X1) |        |             |            |            |             |        | 2.000r          |
| library setup time                      |        |             |            |            |             | -0.040 | 1.960           |
| clock reconvergence pessimism           |        |             |            |            |             | 0.000  | 1.960           |
|                                         |        |             |            |            |             |        |                 |
| path cell delay                         |        |             |            |            |             |        | 0.373(100.000%) |
| path net delay                          |        |             |            |            |             |        | 0.000(0.000%)   |
|                                         |        |             |            |            |             |        |                 |
| data require time                       |        |             |            |            |             |        | 1.960           |
| data arrival time                       |        |             |            |            |             |        | 0.373           |
| slack (MET)                             |        |             |            |            |             |        | 1.587           |
+-----------------------------------------+--------+-------------+------------+------------+-------------+--------+-----------------+
+-----------------------------------------+--------+-------------+------------+------------+-------------+--------+-----------------+
| Point                                   | Fanout | Capacitance | Resistance | Transition | Delta Delay | Incr   | Path            |
+-----------------------------------------+--------+-------------+------------+------------+-------------+--------+-----------------+
| clk (port)                              |        | 0.004       | 0.000      | 0.000      |             | 0.000  | 0.000r          |
| clk (clock net)                         | 2      |             |            |            | NA          |        |                 |
| _269_:CK (CLKGATE_X1)                   |        | 0.002       | 0.000      | 0.000      |             | 0.000  | 0.000r          |
| _269_:GCK (CLKGATE_X1)                  |        | 0.020       | 0.000      | 0.000      |             | 0.000  | 0.000r          |
| _133_ (clock net)                       | 21     |             |            |            | NA          |        |                 |
| i0.state_$_SDFFE_PP0P__Q_27:CK (DFF_X1) |        | 0.001       | 0.000      | 0.000      |             | 0.000  | 0.000r          |
| clock core_clock (rise edge)            |        |             |            |            |             | 0      | 0               |
| clock network delay (ideal)             |        |             |            |            |             | 0.000  | 0.000           |
| i0.state_$_SDFFE_PP0P__Q_27:CK (DFF_X1) |        | 0.001       | 0.000      | 0.000      |             | 0.000  | 0.000r          |
| i0.state_$_SDFFE_PP0P__Q_27:Q (DFF_X1)  |        | 0.004       | 0.000      | 0.013      |             | 0.090  | 0.090r          |
| PC_count_o[12] (net)                    | 2      |             |            |            | 0.000       |        |                 |
| _151_:A2 (AND2_X4)                      |        | 0.004       | 0.000      | 0.013      |             | 0.000  | 0.090r          |
| _151_:ZN (AND2_X4)                      |        | 0.006       | 0.000      | 0.009      |             | 0.031  | 0.121r          |
| _040_ (net)                             | 3      |             |            |            | 0.000       |        |                 |
| _152_:A1 (AND3_X4)                      |        | 0.003       | 0.000      | 0.009      |             | 0.000  | 0.121r          |
| _152_:ZN (AND3_X4)                      |        | 0.005       | 0.000      | 0.010      |             | 0.037  | 0.158r          |
| _041_ (net)                             | 3      |             |            |            | 0.000       |        |                 |
| _154_:A2 (AND4_X4)                      |        | 0.003       | 0.000      | 0.010      |             | 0.000  | 0.158r          |
| _154_:ZN (AND4_X4)                      |        | 0.008       | 0.000      | 0.012      |             | 0.051  | 0.209r          |
| _043_ (net)                             | 3      |             |            |            | 0.000       |        |                 |
| _155_:A1 (AND2_X4)                      |        | 0.003       | 0.000      | 0.012      |             | 0.000  | 0.209r          |
| _155_:ZN (AND2_X4)                      |        | 0.006       | 0.000      | 0.009      |             | 0.030  | 0.239r          |
| _044_ (net)                             | 3      |             |            |            | 0.000       |        |                 |
| _159_:A1 (AND2_X4)                      |        | 0.003       | 0.000      | 0.009      |             | 0.000  | 0.239r          |
| _159_:ZN (AND2_X4)                      |        | 0.008       | 0.000      | 0.009      |             | 0.030  | 0.269r          |
| _048_ (net)                             | 2      |             |            |            | 0.000       |        |                 |
| _160_:A1 (NAND3_X4)                     |        | 0.006       | 0.000      | 0.009      |             | 0.000  | 0.269r          |
| _160_:ZN (NAND3_X4)                     |        | 0.007       | 0.000      | 0.012      |             | 0.018  | 0.287f          |
| _049_ (net)                             | 4      |             |            |            | 0.000       |        |                 |
| _161_:A1 (OR3_X4)                       |        | 0.003       | 0.000      | 0.012      |             | 0.000  | 0.287f          |
| _161_:ZN (OR3_X4)                       |        | 0.001       | 0.000      | 0.010      |             | 0.054  | 0.341f          |
| _050_ (net)                             | 1      |             |            |            | 0.000       |        |                 |
| _163_:A1 (AND3_X1)                      |        | 0.001       | 0.000      | 0.010      |             | 0.000  | 0.341f          |
| _163_:ZN (AND3_X1)                      |        | 0.001       | 0.000      | 0.007      |             | 0.032  | 0.373f          |
| _002_ (net)                             | 1      |             |            |            | 0.000       |        |                 |
| i0.state_$_SDFFE_PP0P__Q_10:D (DFF_X1)  |        | 0.001       | 0.000      | 0.007      |             | 0.000  | 0.373f          |
|                                         |        |             |            |            |             |        |                 |
| clk (port)                              |        | 0.004       | 0.000      | 0.000      |             | 0.000  | 0.000r          |
| clk (clock net)                         | 2      |             |            |            | NA          |        |                 |
| _269_:CK (CLKGATE_X1)                   |        | 0.002       | 0.000      | 0.000      |             | 0.000  | 0.000r          |
| _269_:GCK (CLKGATE_X1)                  |        | 0.020       | 0.000      | 0.000      |             | 0.000  | 0.000r          |
| _133_ (clock net)                       | 21     |             |            |            | NA          |        |                 |
| i0.state_$_SDFFE_PP0P__Q_10:CK (DFF_X1) |        | 0.001       | 0.000      | 0.000      |             | 0.000  | 0.000r          |
| clock core_clock (rise edge)            |        |             |            |            |             | 2      | 2               |
| clock network delay (ideal)             |        |             |            |            |             | 0.000  | 2.000           |
| i0.state_$_SDFFE_PP0P__Q_10:CK (DFF_X1) |        |             |            |            |             |        | 2.000r          |
| library setup time                      |        |             |            |            |             | -0.040 | 1.960           |
| clock reconvergence pessimism           |        |             |            |            |             | 0.000  | 1.960           |
|                                         |        |             |            |            |             |        |                 |
| path cell delay                         |        |             |            |            |             |        | 0.373(100.000%) |
| path net delay                          |        |             |            |            |             |        | 0.000(0.000%)   |
|                                         |        |             |            |            |             |        |                 |
| data require time                       |        |             |            |            |             |        | 1.960           |
| data arrival time                       |        |             |            |            |             |        | 0.373           |
| slack (MET)                             |        |             |            |            |             |        | 1.587           |
+-----------------------------------------+--------+-------------+------------+------------+-------------+--------+-----------------+
+-----------------------------------------+--------+-------------+------------+------------+-------------+--------+-----------------+
| Point                                   | Fanout | Capacitance | Resistance | Transition | Delta Delay | Incr   | Path            |
+-----------------------------------------+--------+-------------+------------+------------+-------------+--------+-----------------+
| clk (port)                              |        | 0.004       | 0.000      | 0.000      |             | 0.000  | 0.000r          |
| clk (clock net)                         | 2      |             |            |            | NA          |        |                 |
| _269_:CK (CLKGATE_X1)                   |        | 0.002       | 0.000      | 0.000      |             | 0.000  | 0.000r          |
| _269_:GCK (CLKGATE_X1)                  |        | 0.020       | 0.000      | 0.000      |             | 0.000  | 0.000r          |
| _133_ (clock net)                       | 21     |             |            |            | NA          |        |                 |
| i0.state_$_SDFFE_PP0P__Q_27:CK (DFF_X1) |        | 0.001       | 0.000      | 0.000      |             | 0.000  | 0.000r          |
| clock core_clock (rise edge)            |        |             |            |            |             | 0      | 0               |
| clock network delay (ideal)             |        |             |            |            |             | 0.000  | 0.000           |
| i0.state_$_SDFFE_PP0P__Q_27:CK (DFF_X1) |        | 0.001       | 0.000      | 0.000      |             | 0.000  | 0.000r          |
| i0.state_$_SDFFE_PP0P__Q_27:Q (DFF_X1)  |        | 0.004       | 0.000      | 0.013      |             | 0.090  | 0.090r          |
| PC_count_o[12] (net)                    | 2      |             |            |            | 0.000       |        |                 |
| _151_:A2 (AND2_X4)                      |        | 0.004       | 0.000      | 0.013      |             | 0.000  | 0.090r          |
| _151_:ZN (AND2_X4)                      |        | 0.006       | 0.000      | 0.009      |             | 0.031  | 0.121r          |
| _040_ (net)                             | 3      |             |            |            | 0.000       |        |                 |
| _152_:A1 (AND3_X4)                      |        | 0.003       | 0.000      | 0.009      |             | 0.000  | 0.121r          |
| _152_:ZN (AND3_X4)                      |        | 0.005       | 0.000      | 0.010      |             | 0.037  | 0.158r          |
| _041_ (net)                             | 3      |             |            |            | 0.000       |        |                 |
| _154_:A2 (AND4_X4)                      |        | 0.003       | 0.000      | 0.010      |             | 0.000  | 0.158r          |
| _154_:ZN (AND4_X4)                      |        | 0.008       | 0.000      | 0.012      |             | 0.051  | 0.209r          |
| _043_ (net)                             | 3      |             |            |            | 0.000       |        |                 |
| _155_:A1 (AND2_X4)                      |        | 0.003       | 0.000      | 0.012      |             | 0.000  | 0.209r          |
| _155_:ZN (AND2_X4)                      |        | 0.006       | 0.000      | 0.009      |             | 0.030  | 0.239r          |
| _044_ (net)                             | 3      |             |            |            | 0.000       |        |                 |
| _159_:A1 (AND2_X4)                      |        | 0.003       | 0.000      | 0.009      |             | 0.000  | 0.239r          |
| _159_:ZN (AND2_X4)                      |        | 0.008       | 0.000      | 0.009      |             | 0.030  | 0.269r          |
| _048_ (net)                             | 2      |             |            |            | 0.000       |        |                 |
| _168_:A (INV_X1)                        |        | 0.002       | 0.000      | 0.009      |             | 0.000  | 0.269r          |
| _168_:ZN (INV_X1)                       |        | 0.007       | 0.000      | 0.009      |             | 0.015  | 0.284f          |
| _055_ (net)                             | 4      |             |            |            | 0.000       |        |                 |
| _169_:A1 (OR3_X4)                       |        | 0.003       | 0.000      | 0.009      |             | 0.000  | 0.284f          |
| _169_:ZN (OR3_X4)                       |        | 0.001       | 0.000      | 0.010      |             | 0.053  | 0.337f          |
| _056_ (net)                             | 1      |             |            |            | 0.000       |        |                 |
| _171_:A1 (AND3_X1)                      |        | 0.001       | 0.000      | 0.010      |             | 0.000  | 0.337f          |
| _171_:ZN (AND3_X1)                      |        | 0.001       | 0.000      | 0.007      |             | 0.032  | 0.369f          |
| _004_ (net)                             | 1      |             |            |            | 0.000       |        |                 |
| i0.state_$_SDFFE_PP0P__Q_12:D (DFF_X1)  |        | 0.001       | 0.000      | 0.007      |             | 0.000  | 0.369f          |
|                                         |        |             |            |            |             |        |                 |
| clk (port)                              |        | 0.004       | 0.000      | 0.000      |             | 0.000  | 0.000r          |
| clk (clock net)                         | 2      |             |            |            | NA          |        |                 |
| _269_:CK (CLKGATE_X1)                   |        | 0.002       | 0.000      | 0.000      |             | 0.000  | 0.000r          |
| _269_:GCK (CLKGATE_X1)                  |        | 0.020       | 0.000      | 0.000      |             | 0.000  | 0.000r          |
| _133_ (clock net)                       | 21     |             |            |            | NA          |        |                 |
| i0.state_$_SDFFE_PP0P__Q_12:CK (DFF_X1) |        | 0.001       | 0.000      | 0.000      |             | 0.000  | 0.000r          |
| clock core_clock (rise edge)            |        |             |            |            |             | 2      | 2               |
| clock network delay (ideal)             |        |             |            |            |             | 0.000  | 2.000           |
| i0.state_$_SDFFE_PP0P__Q_12:CK (DFF_X1) |        |             |            |            |             |        | 2.000r          |
| library setup time                      |        |             |            |            |             | -0.040 | 1.960           |
| clock reconvergence pessimism           |        |             |            |            |             | 0.000  | 1.960           |
|                                         |        |             |            |            |             |        |                 |
| path cell delay                         |        |             |            |            |             |        | 0.369(100.000%) |
| path net delay                          |        |             |            |            |             |        | 0.000(0.000%)   |
|                                         |        |             |            |            |             |        |                 |
| data require time                       |        |             |            |            |             |        | 1.960           |
| data arrival time                       |        |             |            |            |             |        | 0.369           |
| slack (MET)                             |        |             |            |            |             |        | 1.591           |
+-----------------------------------------+--------+-------------+------------+------------+-------------+--------+-----------------+
+--------------------------------------------+--------+-------------+------------+------------+-------------+--------+-----------------+
| Point                                      | Fanout | Capacitance | Resistance | Transition | Delta Delay | Incr   | Path            |
+--------------------------------------------+--------+-------------+------------+------------+-------------+--------+-----------------+
| clk (port)                                 |        | 0.004       | 0.000      | 0.000      |             | 0.000  | 0.000r          |
| clk (clock net)                            | 2      |             |            |            | NA          |        |                 |
| _269_:CK (CLKGATE_X1)                      |        | 0.002       | 0.000      | 0.000      |             | 0.000  | 0.000r          |
| _269_:GCK (CLKGATE_X1)                     |        | 0.020       | 0.000      | 0.000      |             | 0.000  | 0.000r          |
| _133_ (clock net)                          | 21     |             |            |            | NA          |        |                 |
| i0.state_$_SDFFE_PP1P__Q:CK (DFF_X1)       |        | 0.001       | 0.000      | 0.000      |             | 0.000  | 0.000r          |
| clock core_clock (rise edge)               |        |             |            |            |             | 0      | 0               |
| clock network delay (ideal)                |        |             |            |            |             | 0.000  | 0.000           |
| i0.state_$_SDFFE_PP1P__Q:CK (DFF_X1)       |        | 0.001       | 0.000      | 0.000      |             | 0.000  | 0.000r          |
| i0.state_$_SDFFE_PP1P__Q:QN (DFF_X1)       |        | 0.003       | 0.000      | 0.013      |             | 0.066  | 0.066r          |
| ALU_overflow_$_ANDNOT__Y_A_$_OR__Y_B (net) | 2      |             |            |            | 0.000       |        |                 |
| _268_:B1 (OAI21_X1)                        |        | 0.002       | 0.000      | 0.013      |             | 0.000  | 0.066r          |
| _268_:ZN (OAI21_X1)                        |        | 0.001       | 0.000      | 0.009      |             | 0.015  | 0.081f          |
| _029_ (net)                                | 1      |             |            |            | 0.000       |        |                 |
| i0.state_$_SDFFE_PP1P__Q:D (DFF_X1)        |        | 0.001       | 0.000      | 0.009      |             | 0.000  | 0.081f          |
|                                            |        |             |            |            |             |        |                 |
| clk (port)                                 |        | 0.004       | 0.000      | 0.000      |             | 0.000  | 0.000r          |
| clk (clock net)                            | 2      |             |            |            | NA          |        |                 |
| _269_:CK (CLKGATE_X1)                      |        | 0.002       | 0.000      | 0.000      |             | 0.000  | 0.000r          |
| _269_:GCK (CLKGATE_X1)                     |        | 0.020       | 0.000      | 0.000      |             | 0.000  | 0.000r          |
| _133_ (clock net)                          | 21     |             |            |            | NA          |        |                 |
| i0.state_$_SDFFE_PP1P__Q:CK (DFF_X1)       |        | 0.001       | 0.000      | 0.000      |             | 0.000  | 0.000r          |
| clock core_clock (rise edge)               |        |             |            |            |             | 0      | 0               |
| clock network delay (ideal)                |        |             |            |            |             | 0.000  | 0.000           |
| i0.state_$_SDFFE_PP1P__Q:CK (DFF_X1)       |        |             |            |            |             |        | 0.000r          |
| library hold time                          |        |             |            |            |             | 0.002  | 0.002           |
| clock reconvergence pessimism              |        |             |            |            |             | -0.000 | 0.002           |
|                                            |        |             |            |            |             |        |                 |
| path cell delay                            |        |             |            |            |             |        | 0.081(100.000%) |
| path net delay                             |        |             |            |            |             |        | 0.000(0.000%)   |
|                                            |        |             |            |            |             |        |                 |
| data require time                          |        |             |            |            |             |        | 0.002           |
| data arrival time                          |        |             |            |            |             |        | 0.081           |
| slack (MET)                                |        |             |            |            |             |        | 0.080           |
+--------------------------------------------+--------+-------------+------------+------------+-------------+--------+-----------------+
+--------------------------------------------+--------+-------------+------------+------------+-------------+--------+-----------------+
| Point                                      | Fanout | Capacitance | Resistance | Transition | Delta Delay | Incr   | Path            |
+--------------------------------------------+--------+-------------+------------+------------+-------------+--------+-----------------+
| clk (port)                                 |        | 0.004       | 0.000      | 0.000      |             | 0.000  | 0.000r          |
| clk (clock net)                            | 2      |             |            |            | NA          |        |                 |
| _269_:CK (CLKGATE_X1)                      |        | 0.002       | 0.000      | 0.000      |             | 0.000  | 0.000r          |
| _269_:GCK (CLKGATE_X1)                     |        | 0.020       | 0.000      | 0.000      |             | 0.000  | 0.000r          |
| _133_ (clock net)                          | 21     |             |            |            | NA          |        |                 |
| i0.state_$_SDFFE_PP1P__Q:CK (DFF_X1)       |        | 0.001       | 0.000      | 0.000      |             | 0.000  | 0.000r          |
| clock core_clock (rise edge)               |        |             |            |            |             | 0      | 0               |
| clock network delay (ideal)                |        |             |            |            |             | 0.000  | 0.000           |
| i0.state_$_SDFFE_PP1P__Q:CK (DFF_X1)       |        | 0.001       | 0.000      | 0.000      |             | 0.000  | 0.000r          |
| i0.state_$_SDFFE_PP1P__Q:QN (DFF_X1)       |        | 0.003       | 0.000      | 0.013      |             | 0.066  | 0.066r          |
| ALU_overflow_$_ANDNOT__Y_A_$_OR__Y_B (net) | 2      |             |            |            | 0.000       |        |                 |
| _268_:B1 (OAI21_X1)                        |        | 0.002       | 0.000      | 0.013      |             | 0.000  | 0.066r          |
| _268_:ZN (OAI21_X1)                        |        | 0.001       | 0.000      | 0.009      |             | 0.015  | 0.081f          |
| _029_ (net)                                | 1      |             |            |            | 0.000       |        |                 |
| i0.state_$_SDFFE_PP1P__Q:D (DFF_X1)        |        | 0.001       | 0.000      | 0.009      |             | 0.000  | 0.081f          |
|                                            |        |             |            |            |             |        |                 |
| clk (port)                                 |        | 0.004       | 0.000      | 0.000      |             | 0.000  | 0.000r          |
| clk (clock net)                            | 2      |             |            |            | NA          |        |                 |
| _269_:CK (CLKGATE_X1)                      |        | 0.002       | 0.000      | 0.000      |             | 0.000  | 0.000r          |
| _269_:GCK (CLKGATE_X1)                     |        | 0.020       | 0.000      | 0.000      |             | 0.000  | 0.000r          |
| _133_ (clock net)                          | 21     |             |            |            | NA          |        |                 |
| i0.state_$_SDFFE_PP1P__Q:CK (DFF_X1)       |        | 0.001       | 0.000      | 0.000      |             | 0.000  | 0.000r          |
| clock core_clock (rise edge)               |        |             |            |            |             | 0      | 0               |
| clock network delay (ideal)                |        |             |            |            |             | 0.000  | 0.000           |
| i0.state_$_SDFFE_PP1P__Q:CK (DFF_X1)       |        |             |            |            |             |        | 0.000r          |
| library hold time                          |        |             |            |            |             | 0.002  | 0.002           |
| clock reconvergence pessimism              |        |             |            |            |             | -0.000 | 0.002           |
|                                            |        |             |            |            |             |        |                 |
| path cell delay                            |        |             |            |            |             |        | 0.081(100.000%) |
| path net delay                             |        |             |            |            |             |        | 0.000(0.000%)   |
|                                            |        |             |            |            |             |        |                 |
| data require time                          |        |             |            |            |             |        | 0.002           |
| data arrival time                          |        |             |            |            |             |        | 0.081           |
| slack (MET)                                |        |             |            |            |             |        | 0.080           |
+--------------------------------------------+--------+-------------+------------+------------+-------------+--------+-----------------+
+--------------------------------------------+--------+-------------+------------+------------+-------------+--------+-----------------+
| Point                                      | Fanout | Capacitance | Resistance | Transition | Delta Delay | Incr   | Path            |
+--------------------------------------------+--------+-------------+------------+------------+-------------+--------+-----------------+
| clk (port)                                 |        | 0.004       | 0.000      | 0.000      |             | 0.000  | 0.000r          |
| clk (clock net)                            | 2      |             |            |            | NA          |        |                 |
| _269_:CK (CLKGATE_X1)                      |        | 0.002       | 0.000      | 0.000      |             | 0.000  | 0.000r          |
| _269_:GCK (CLKGATE_X1)                     |        | 0.020       | 0.000      | 0.000      |             | 0.000  | 0.000r          |
| _133_ (clock net)                          | 21     |             |            |            | NA          |        |                 |
| i0.state_$_SDFFE_PP1P__Q:CK (DFF_X1)       |        | 0.001       | 0.000      | 0.000      |             | 0.000  | 0.000r          |
| clock core_clock (rise edge)               |        |             |            |            |             | 0      | 0               |
| clock network delay (ideal)                |        |             |            |            |             | 0.000  | 0.000           |
| i0.state_$_SDFFE_PP1P__Q:CK (DFF_X1)       |        | 0.001       | 0.000      | 0.000      |             | 0.000  | 0.000r          |
| i0.state_$_SDFFE_PP1P__Q:QN (DFF_X1)       |        | 0.003       | 0.000      | 0.013      |             | 0.067  | 0.067f          |
| ALU_overflow_$_ANDNOT__Y_A_$_OR__Y_B (net) | 2      |             |            |            | 0.000       |        |                 |
| _268_:B1 (OAI21_X1)                        |        | 0.002       | 0.000      | 0.013      |             | 0.000  | 0.067f          |
| _268_:ZN (OAI21_X1)                        |        | 0.001       | 0.000      | 0.013      |             | 0.030  | 0.097r          |
| _029_ (net)                                | 1      |             |            |            | 0.000       |        |                 |
| i0.state_$_SDFFE_PP1P__Q:D (DFF_X1)        |        | 0.001       | 0.000      | 0.013      |             | 0.000  | 0.097r          |
|                                            |        |             |            |            |             |        |                 |
| clk (port)                                 |        | 0.004       | 0.000      | 0.000      |             | 0.000  | 0.000r          |
| clk (clock net)                            | 2      |             |            |            | NA          |        |                 |
| _269_:CK (CLKGATE_X1)                      |        | 0.002       | 0.000      | 0.000      |             | 0.000  | 0.000r          |
| _269_:GCK (CLKGATE_X1)                     |        | 0.020       | 0.000      | 0.000      |             | 0.000  | 0.000r          |
| _133_ (clock net)                          | 21     |             |            |            | NA          |        |                 |
| i0.state_$_SDFFE_PP1P__Q:CK (DFF_X1)       |        | 0.001       | 0.000      | 0.000      |             | 0.000  | 0.000r          |
| clock core_clock (rise edge)               |        |             |            |            |             | 0      | 0               |
| clock network delay (ideal)                |        |             |            |            |             | 0.000  | 0.000           |
| i0.state_$_SDFFE_PP1P__Q:CK (DFF_X1)       |        |             |            |            |             |        | 0.000r          |
| library hold time                          |        |             |            |            |             | 0.007  | 0.007           |
| clock reconvergence pessimism              |        |             |            |            |             | -0.000 | 0.007           |
|                                            |        |             |            |            |             |        |                 |
| path cell delay                            |        |             |            |            |             |        | 0.097(100.000%) |
| path net delay                             |        |             |            |            |             |        | 0.000(0.000%)   |
|                                            |        |             |            |            |             |        |                 |
| data require time                          |        |             |            |            |             |        | 0.007           |
| data arrival time                          |        |             |            |            |             |        | 0.097           |
| slack (MET)                                |        |             |            |            |             |        | 0.090           |
+--------------------------------------------+--------+-------------+------------+------------+-------------+--------+-----------------+
+--------------------------------------------+--------+-------------+------------+------------+-------------+--------+-----------------+
| Point                                      | Fanout | Capacitance | Resistance | Transition | Delta Delay | Incr   | Path            |
+--------------------------------------------+--------+-------------+------------+------------+-------------+--------+-----------------+
| clk (port)                                 |        | 0.004       | 0.000      | 0.000      |             | 0.000  | 0.000r          |
| clk (clock net)                            | 2      |             |            |            | NA          |        |                 |
| _269_:CK (CLKGATE_X1)                      |        | 0.002       | 0.000      | 0.000      |             | 0.000  | 0.000r          |
| _269_:GCK (CLKGATE_X1)                     |        | 0.020       | 0.000      | 0.000      |             | 0.000  | 0.000r          |
| _133_ (clock net)                          | 21     |             |            |            | NA          |        |                 |
| i0.state_$_SDFFE_PP1P__Q:CK (DFF_X1)       |        | 0.001       | 0.000      | 0.000      |             | 0.000  | 0.000r          |
| clock core_clock (rise edge)               |        |             |            |            |             | 0      | 0               |
| clock network delay (ideal)                |        |             |            |            |             | 0.000  | 0.000           |
| i0.state_$_SDFFE_PP1P__Q:CK (DFF_X1)       |        | 0.001       | 0.000      | 0.000      |             | 0.000  | 0.000r          |
| i0.state_$_SDFFE_PP1P__Q:QN (DFF_X1)       |        | 0.003       | 0.000      | 0.013      |             | 0.067  | 0.067f          |
| ALU_overflow_$_ANDNOT__Y_A_$_OR__Y_B (net) | 2      |             |            |            | 0.000       |        |                 |
| _268_:B1 (OAI21_X1)                        |        | 0.002       | 0.000      | 0.013      |             | 0.000  | 0.067f          |
| _268_:ZN (OAI21_X1)                        |        | 0.001       | 0.000      | 0.013      |             | 0.030  | 0.097r          |
| _029_ (net)                                | 1      |             |            |            | 0.000       |        |                 |
| i0.state_$_SDFFE_PP1P__Q:D (DFF_X1)        |        | 0.001       | 0.000      | 0.013      |             | 0.000  | 0.097r          |
|                                            |        |             |            |            |             |        |                 |
| clk (port)                                 |        | 0.004       | 0.000      | 0.000      |             | 0.000  | 0.000r          |
| clk (clock net)                            | 2      |             |            |            | NA          |        |                 |
| _269_:CK (CLKGATE_X1)                      |        | 0.002       | 0.000      | 0.000      |             | 0.000  | 0.000r          |
| _269_:GCK (CLKGATE_X1)                     |        | 0.020       | 0.000      | 0.000      |             | 0.000  | 0.000r          |
| _133_ (clock net)                          | 21     |             |            |            | NA          |        |                 |
| i0.state_$_SDFFE_PP1P__Q:CK (DFF_X1)       |        | 0.001       | 0.000      | 0.000      |             | 0.000  | 0.000r          |
| clock core_clock (rise edge)               |        |             |            |            |             | 0      | 0               |
| clock network delay (ideal)                |        |             |            |            |             | 0.000  | 0.000           |
| i0.state_$_SDFFE_PP1P__Q:CK (DFF_X1)       |        |             |            |            |             |        | 0.000r          |
| library hold time                          |        |             |            |            |             | 0.007  | 0.007           |
| clock reconvergence pessimism              |        |             |            |            |             | -0.000 | 0.007           |
|                                            |        |             |            |            |             |        |                 |
| path cell delay                            |        |             |            |            |             |        | 0.097(100.000%) |
| path net delay                             |        |             |            |            |             |        | 0.000(0.000%)   |
|                                            |        |             |            |            |             |        |                 |
| data require time                          |        |             |            |            |             |        | 0.007           |
| data arrival time                          |        |             |            |            |             |        | 0.097           |
| slack (MET)                                |        |             |            |            |             |        | 0.090           |
+--------------------------------------------+--------+-------------+------------+------------+-------------+--------+-----------------+
+------------------------------------------------------------------+--------+-------------+------------+------------+-------------+--------+-----------------+
| Point                                                            | Fanout | Capacitance | Resistance | Transition | Delta Delay | Incr   | Path            |
+------------------------------------------------------------------+--------+-------------+------------+------------+-------------+--------+-----------------+
| clk (port)                                                       |        | 0.004       | 0.000      | 0.000      |             | 0.000  | 0.000r          |
| clk (clock net)                                                  | 2      |             |            |            | NA          |        |                 |
| _269_:CK (CLKGATE_X1)                                            |        | 0.002       | 0.000      | 0.000      |             | 0.000  | 0.000r          |
| _269_:GCK (CLKGATE_X1)                                           |        | 0.020       | 0.000      | 0.000      |             | 0.000  | 0.000r          |
| _133_ (clock net)                                                | 21     |             |            |            | NA          |        |                 |
| i0.state_$_SDFFE_PP0P__Q_28:CK (DFF_X1)                          |        | 0.001       | 0.000      | 0.000      |             | 0.000  | 0.000r          |
| clock core_clock (rise edge)                                     |        |             |            |            |             | 0      | 0               |
| clock network delay (ideal)                                      |        |             |            |            |             | 0.000  | 0.000           |
| i0.state_$_SDFFE_PP0P__Q_28:CK (DFF_X1)                          |        | 0.001       | 0.000      | 0.000      |             | 0.000  | 0.000r          |
| i0.state_$_SDFFE_PP0P__Q_28:QN (DFF_X1)                          |        | 0.003       | 0.000      | 0.013      |             | 0.066  | 0.066r          |
| i7._io_pc_next_T_26_$_ANDNOT__Y_20_B_$_MUX__Y_B_$_XOR__Y_B (net) | 2      |             |            |            | 0.000       |        |                 |
| _242_:B2 (AOI21_X1)                                              |        | 0.002       | 0.000      | 0.013      |             | 0.000  | 0.066r          |
| _242_:ZN (AOI21_X1)                                              |        | 0.001       | 0.000      | 0.006      |             | 0.014  | 0.080f          |
| _112_ (net)                                                      | 1      |             |            |            | 0.000       |        |                 |
| _245_:A1 (AND2_X1)                                               |        | 0.001       | 0.000      | 0.006      |             | 0.000  | 0.080f          |
| _245_:ZN (AND2_X1)                                               |        | 0.001       | 0.000      | 0.006      |             | 0.028  | 0.108f          |
| _021_ (net)                                                      | 1      |             |            |            | 0.000       |        |                 |
| i0.state_$_SDFFE_PP0P__Q_28:D (DFF_X1)                           |        | 0.001       | 0.000      | 0.006      |             | 0.000  | 0.108f          |
|                                                                  |        |             |            |            |             |        |                 |
| clk (port)                                                       |        | 0.004       | 0.000      | 0.000      |             | 0.000  | 0.000r          |
| clk (clock net)                                                  | 2      |             |            |            | NA          |        |                 |
| _269_:CK (CLKGATE_X1)                                            |        | 0.002       | 0.000      | 0.000      |             | 0.000  | 0.000r          |
| _269_:GCK (CLKGATE_X1)                                           |        | 0.020       | 0.000      | 0.000      |             | 0.000  | 0.000r          |
| _133_ (clock net)                                                | 21     |             |            |            | NA          |        |                 |
| i0.state_$_SDFFE_PP0P__Q_28:CK (DFF_X1)                          |        | 0.001       | 0.000      | 0.000      |             | 0.000  | 0.000r          |
| clock core_clock (rise edge)                                     |        |             |            |            |             | 0      | 0               |
| clock network delay (ideal)                                      |        |             |            |            |             | 0.000  | 0.000           |
| i0.state_$_SDFFE_PP0P__Q_28:CK (DFF_X1)                          |        |             |            |            |             |        | 0.000r          |
| library hold time                                                |        |             |            |            |             | 0.002  | 0.002           |
| clock reconvergence pessimism                                    |        |             |            |            |             | -0.000 | 0.002           |
|                                                                  |        |             |            |            |             |        |                 |
| path cell delay                                                  |        |             |            |            |             |        | 0.108(100.000%) |
| path net delay                                                   |        |             |            |            |             |        | 0.000(0.000%)   |
|                                                                  |        |             |            |            |             |        |                 |
| data require time                                                |        |             |            |            |             |        | 0.002           |
| data arrival time                                                |        |             |            |            |             |        | 0.108           |
| slack (MET)                                                      |        |             |            |            |             |        | 0.106           |
+------------------------------------------------------------------+--------+-------------+------------+------------+-------------+--------+-----------------+
