java.util.concurrent.TimeoutException: Future timed out after [30 seconds]
  scala.concurrent.impl.Promise$DefaultPromise.tryAwait0(Promise.scala:248)
  scala.concurrent.impl.Promise$DefaultPromise.result(Promise.scala:261)
  scala.concurrent.Await$.$anonfun$result$1(package.scala:201)
  scala.concurrent.BlockContext$DefaultBlockContext$.blockOn(BlockContext.scala:62)
  scala.concurrent.Await$.result(package.scala:124)
  bloop.rifle.internal.Operations$.timeout(Operations.scala:534)
  bloop.rifle.internal.Operations$.about(Operations.scala:503)
  bloop.rifle.BloopRifle$.getCurrentBloopVersion(BloopRifle.scala:158)
  bloop.rifle.BloopServer$.ensureBloopRunning(BloopServer.scala:112)
  bloop.rifle.BloopServer$.bsp(BloopServer.scala:156)
  bloop.rifle.BloopServer$.buildServer(BloopServer.scala:186)
  scala.build.bsp.BspImpl.$anonfun$10(BspImpl.scala:424)
  scala.build.compiler.BloopCompiler.<init>(BloopCompiler.scala:15)
  scala.build.bsp.BspImpl.newBloopSession(BspImpl.scala:429)
  scala.build.bsp.BspImpl.run(BspImpl.scala:465)
  scala.cli.commands.bsp.Bsp$.runCommand$$anonfun$1(Bsp.scala:185)
  scala.runtime.function.JProcedure1.apply(JProcedure1.java:15)
  scala.runtime.function.JProcedure1.apply(JProcedure1.java:10)
  scala.build.bsp.BspThreads$.withThreads(BspThreads.scala:23)
  scala.cli.commands.bsp.Bsp$.runCommand(Bsp.scala:174)
  scala.cli.commands.bsp.Bsp$.runCommand(Bsp.scala:76)
  scala.cli.commands.ScalaCommand.run(ScalaCommand.scala:401)
  scala.cli.commands.ScalaCommand.run(ScalaCommand.scala:382)
  caseapp.core.app.CaseApp.main(CaseApp.scala:166)
  scala.cli.commands.ScalaCommand.main(ScalaCommand.scala:367)
  caseapp.core.app.CommandsEntryPoint.main(CommandsEntryPoint.scala:370)
  scala.cli.ScalaCliCommands.main(ScalaCliCommands.scala:125)
  scala.cli.ScalaCli$.main0(ScalaCli.scala:320)
  scala.cli.ScalaCli$.main(ScalaCli.scala:124)
  scala.cli.ScalaCli.main(ScalaCli.scala)
